2018-05-07 18:29:16.315 JST [98628] LOG:  received fast shutdown request
2018-05-07 18:29:16.316 JST [98628] LOG:  aborting any active transactions
2018-05-07 18:29:16.316 JST [98637] FATAL:  terminating connection due to administrator command
2018-05-07 18:29:16.316 JST [98628] LOG:  background worker "logical replication launcher" (PID 98638) exited with exit code 1
2018-05-07 18:29:16.319 JST [98628] LOG:  background worker "walker" (PID 98637) exited with exit code 1
2018-05-07 18:29:16.319 JST [98632] LOG:  shutting down
2018-05-07 18:29:16.319 JST [98632] LOG:  checkpoint starting: shutdown immediate
2018-05-07 18:29:16.430 JST [98632] LOG:  checkpoint complete: wrote 0 buffers (0.0%); 0 WAL file(s) added, 0 removed, 0 recycled; write=0.109 s, sync=0.000 s, total=0.111 s; sync files=0, longest=0.000 s, average=0.000 s; distance=0 kB, estimate=0 kB
2018-05-07 18:29:16.786 JST [98628] LOG:  database system is shut down
2018-05-07 18:29:17.505 JST [98683] LOG:  database system was shut down at 2018-05-07 18:29:16 JST
2018-05-07 18:29:17.508 JST [98681] LOG:  database system is ready to accept connections
2018-05-07 18:29:17.509 JST [98689] LOG:  restored 25079 13285 1663
2018-05-07 18:29:17.513 JST [98689] LOG:  restored 25080 13285 1663
2018-05-07 18:29:17.516 JST [98689] LOG:  restored 25082 13285 1663
2018-05-07 18:29:17.520 JST [98689] LOG:  restored 25081 13285 1663
2018-05-07 18:29:22.563 JST [98750] LOG:  ----- Select higher 10 percent ranges -----
2018-05-07 18:29:22.563 JST [98750] LOG:  99317,99431,99471,100249,99912,100532,100461,100223,101217,107859,108006,108045,108002,108184,108073,107660,107446,107705,106959,107844,106742,107578,107018,107025,107743,106934,107133,107499,106779,107132,106315,106992,107175,106847,107312,106603,106660,106525,107090,106432,106618,106317,106653,106777,106695,106272,106379,106981,105711,106314,106577,106260,106479,105857,105962,106510,105985,105390,106051,105575,106115,105786,106214,106271,105445,105317,105351,105696,105434,105856,105599,104805,105322,105071,105541,105161,104695,104559,105147,105184,104517,105003,104076,104569,104964,104440,104209,104993,103986,104399,104430,104118,104308,104207,104645,104266,104216,103897,103835,103983,103771,104176,104014,103980,103724,103850,103691,103305,104158,103639,103523,103578,103393,103219,103699,103220,103535,103304,102605,103277,102831,102462,103499,102626,102783,102752,102911,102294,102190,102289,102479,102195,102850,102218,102605,102391,101620,102415,101955,102018,102076,102096,101951,101523,101430,101416,101129,101404,101365,101535,101801,101381,101027,100950,100973,101115,101629,101201,100602,101236,100559,101029,100320,100510,100770,100747,100842,100551,101145,100333,100179,100533,99833,100405,100136,99644,99363,99457,100331,100062,99309,99864,99728,99439,99567,99481,99371
2018-05-07 18:29:22.563 JST [98750] LOG:  ---------- CHOOSE 187 ranges-----------------
2018-05-07 18:29:22.563 JST [98750] LOG:  starting vacuum on "pgbench_accounts"
2018-05-07 18:29:23.684 JST [98750] LOG:  --- RANGE STATS [4787055 - 4791149] : rel "pgbench_accounts" vacuumed 4787055 - 4791149 page for 4094 pages out of 13450424 pages, removed 311, cannot removed 4
2018-05-07 18:29:24.804 JST [98750] LOG:  --- RANGE STATS [4799340 - 4803434] : rel "pgbench_accounts" vacuumed 4799340 - 4803434 page for 4094 pages out of 13450424 pages, removed 273, cannot removed 14
2018-05-07 18:29:25.925 JST [98750] LOG:  --- RANGE STATS [4815720 - 4819814] : rel "pgbench_accounts" vacuumed 4815720 - 4819814 page for 4094 pages out of 13450424 pages, removed 283, cannot removed 27
2018-05-07 18:29:27.019 JST [98750] LOG:  --- RANGE STATS [4848480 - 4852574] : rel "pgbench_accounts" vacuumed 4848480 - 4852574 page for 4094 pages out of 13450424 pages, removed 242, cannot removed 33
2018-05-07 18:29:27.565 JST [98770] LOG:  starting vacuum on "pgbench_branches"
2018-05-07 18:29:28.660 JST [98750] LOG:  --- RANGE STATS [4873050 - 4877144] : rel "pgbench_accounts" vacuumed 4873050 - 4877144 page for 4094 pages out of 13450424 pages, removed 253, cannot removed 48
2018-05-07 18:29:28.724 JST [98770] LOG:  --- RANGE STATS [0 - 23834] : rel "pgbench_branches" vacuumed 0 - 23834 page for 23834 pages out of 23834 pages, removed 45541, cannot removed 4605
2018-05-07 18:29:31.864 JST [98750] LOG:  --- RANGE STATS [4889430 - 4893524] : rel "pgbench_accounts" vacuumed 4889430 - 4893524 page for 4094 pages out of 13450424 pages, removed 1460, cannot removed 71
2018-05-07 18:29:32.571 JST [98790] LOG:  starting vacuum on "pgbench_tellers"
2018-05-07 18:29:32.673 JST [98770] LOG:  automatic vacuum of table "postgres.public.pgbench_branches": index scans: 1
	pages: 0 removed, 23834 remain, 2 skipped due to pins, 19850 skipped frozen
	tuples: 45541 removed, 19092 remain, 4605 are dead but not yet removable, oldest xmin: 354054597
	buffer usage: 18593 hits, 7841 misses, 1354 dirtied
	avg read rate: 11.990 MB/s, avg write rate: 2.071 MB/s
	system usage: CPU: user: 0.07 s, system: 0.07 s, elapsed: 5.10 s
