2018-05-07 18:35:03.388 JST [102583] LOG:  received fast shutdown request
2018-05-07 18:35:03.389 JST [102583] LOG:  aborting any active transactions
2018-05-07 18:35:03.389 JST [102591] FATAL:  terminating connection due to administrator command
2018-05-07 18:35:03.389 JST [102583] LOG:  background worker "logical replication launcher" (PID 102592) exited with exit code 1
2018-05-07 18:35:03.392 JST [102583] LOG:  background worker "walker" (PID 102591) exited with exit code 1
2018-05-07 18:35:03.392 JST [102586] LOG:  shutting down
2018-05-07 18:35:03.393 JST [102586] LOG:  checkpoint starting: shutdown immediate
2018-05-07 18:35:03.503 JST [102586] LOG:  checkpoint complete: wrote 0 buffers (0.0%); 0 WAL file(s) added, 0 removed, 0 recycled; write=0.108 s, sync=0.000 s, total=0.110 s; sync files=0, longest=0.000 s, average=0.000 s; distance=0 kB, estimate=8 kB
2018-05-07 18:35:03.849 JST [102583] LOG:  database system is shut down
2018-05-07 18:35:04.601 JST [102638] LOG:  database system was shut down at 2018-05-07 18:35:03 JST
2018-05-07 18:35:04.604 JST [102635] LOG:  database system is ready to accept connections
2018-05-07 18:35:04.605 JST [102644] LOG:  restored 25079 13285 1663
2018-05-07 18:35:04.608 JST [102644] LOG:  restored 25080 13285 1663
2018-05-07 18:35:04.611 JST [102644] LOG:  restored 25082 13285 1663
2018-05-07 18:35:04.614 JST [102644] LOG:  restored 25081 13285 1663
2018-05-07 18:35:09.665 JST [102705] LOG:  ----- Select higher 10 percent ranges -----
2018-05-07 18:35:09.665 JST [102705] LOG:  99445,99576,99598,100387,100045,100677,100610,100349,101360,108013,108179,108207,108146,108345,108223,107787,107601,107846,107099,107995,106904,107722,107168,107196,107916,107076,107266,107646,106921,107274,106459,107145,107315,106992,107448,106748,106812,106677,107236,106573,106776,106470,106801,106916,106847,106408,106518,107123,105851,106486,106708,106419,106619,106005,106117,106659,106149,105518,106185,105752,106251,105941,106355,106408,105594,105464,105497,105841,105585,106003,105734,104960,105459,105202,105677,105290,104836,104714,105300,105361,104661,105142,104228,104710,105110,104581,104345,105136,104101,104551,104574,104271,104457,104339,104779,104405,104334,104064,103979,104122,103915,104317,104125,104125,103883,103996,103844,103468,104283,103779,103651,103730,103530,103335,103828,103352,103665,103438,102763,103418,102975,102639,103641,102791,102924,102903,103055,102421,102326,102430,102600,102327,102982,102360,102745,102545,101756,102561,102087,102138,102221,102235,102095,101643,101561,101557,101265,101553,101499,101673,101935,101533,101162,101087,101109,101273,101775,101345,100757,101383,100699,101179,100448,100651,100911,100880,100969,100683,101273,100480,100290,100683,99993,100550,100278,99763,99504,99599,100478,100195,99455,99999,99868,99578,99704,99599,99501
2018-05-07 18:35:09.665 JST [102705] LOG:  ---------- CHOOSE 187 ranges-----------------
2018-05-07 18:35:09.665 JST [102705] LOG:  starting vacuum on "pgbench_accounts"
2018-05-07 18:35:10.637 JST [102705] LOG:  --- RANGE STATS [4787055 - 4791149] : rel "pgbench_accounts" vacuumed 4787055 - 4791149 page for 4094 pages out of 13450536 pages, removed 100, cannot removed 5
2018-05-07 18:35:11.627 JST [102705] LOG:  --- RANGE STATS [4799340 - 4803434] : rel "pgbench_accounts" vacuumed 4799340 - 4803434 page for 4094 pages out of 13450536 pages, removed 93, cannot removed 9
2018-05-07 18:35:12.596 JST [102705] LOG:  --- RANGE STATS [4815720 - 4819814] : rel "pgbench_accounts" vacuumed 4815720 - 4819814 page for 4094 pages out of 13450536 pages, removed 102, cannot removed 30
2018-05-07 18:35:13.589 JST [102705] LOG:  --- RANGE STATS [4848480 - 4852574] : rel "pgbench_accounts" vacuumed 4848480 - 4852574 page for 4094 pages out of 13450536 pages, removed 92, cannot removed 21
2018-05-07 18:35:14.581 JST [102705] LOG:  --- RANGE STATS [4873050 - 4877144] : rel "pgbench_accounts" vacuumed 4873050 - 4877144 page for 4094 pages out of 13450536 pages, removed 116, cannot removed 37
