2018-05-03 04:50:32.992 JST [73460] LOG:  received fast shutdown request
2018-05-03 04:50:38.871 JST [73522] WARNING:  worker took too long to start; canceled
2018-05-03 04:50:43.882 JST [73522] WARNING:  worker took too long to start; canceled
2018-05-03 04:50:45.113 JST [73460] LOG:  aborting any active transactions
2018-05-03 04:50:45.114 JST [73460] LOG:  background worker "logical replication launcher" (PID 73524) exited with exit code 1
2018-05-03 04:50:45.127 JST [73519] LOG:  shutting down
2018-05-03 04:50:55.881 JST [73519] LOG:  checkpoint starting: shutdown immediate
2018-05-03 04:51:20.917 JST [73519] LOG:  checkpoint complete: wrote 0 buffers (0.0%); 0 WAL file(s) added, 0 removed, 0 recycled; write=0.123 s, sync=0.000 s, total=35.790 s; sync files=0, longest=0.000 s, average=0.000 s; distance=0 kB, estimate=0 kB
2018-05-03 04:51:27.466 JST [73460] LOG:  database system is shut down
2018-05-03 04:52:15.917 JST [73771] LOG:  database system was shut down at 2018-05-03 04:51:10 JST
2018-05-03 04:52:25.686 JST [73721] LOG:  database system is ready to accept connections
2018-05-03 05:04:32.167 JST [77017] LOG:  automatic analyze of table "postgres.public.pgbench_branches" system usage: CPU: user: 0.00 s, system: 0.00 s, elapsed: 0.04 s
2018-05-03 05:04:32.278 JST [77017] LOG:  automatic analyze of table "postgres.public.pgbench_history" system usage: CPU: user: 0.05 s, system: 0.00 s, elapsed: 0.06 s
2018-05-03 05:04:32.351 JST [77017] LOG:  automatic analyze of table "postgres.public.pgbench_tellers" system usage: CPU: user: 0.03 s, system: 0.00 s, elapsed: 0.03 s
2018-05-03 05:05:32.164 JST [77274] LOG:  automatic analyze of table "postgres.public.pgbench_branches" system usage: CPU: user: 0.00 s, system: 0.00 s, elapsed: 0.00 s
2018-05-03 05:05:37.248 JST [77295] LOG:  automatic analyze of table "postgres.public.pgbench_tellers" system usage: CPU: user: 0.03 s, system: 0.00 s, elapsed: 0.04 s
2018-05-03 05:05:42.227 JST [77316] LOG:  automatic analyze of table "postgres.public.pgbench_history" system usage: CPU: user: 0.06 s, system: 0.00 s, elapsed: 0.07 s
2018-05-03 05:06:37.200 JST [77549] LOG:  automatic analyze of table "postgres.public.pgbench_branches" system usage: CPU: user: 0.00 s, system: 0.00 s, elapsed: 0.00 s
2018-05-03 05:06:47.242 JST [77591] LOG:  automatic analyze of table "postgres.public.pgbench_tellers" system usage: CPU: user: 0.04 s, system: 0.00 s, elapsed: 0.04 s
2018-05-03 05:06:57.289 JST [77633] LOG:  automatic analyze of table "postgres.public.pgbench_history" system usage: CPU: user: 0.07 s, system: 0.00 s, elapsed: 0.08 s
2018-05-03 05:07:42.228 JST [77828] LOG:  automatic analyze of table "postgres.public.pgbench_branches" system usage: CPU: user: 0.00 s, system: 0.00 s, elapsed: 0.00 s
2018-05-03 05:07:57.260 JST [77891] LOG:  automatic analyze of table "postgres.public.pgbench_tellers" system usage: CPU: user: 0.03 s, system: 0.00 s, elapsed: 0.04 s
2018-05-03 05:08:27.345 JST [78022] LOG:  automatic analyze of table "postgres.public.pgbench_history" system usage: CPU: user: 0.08 s, system: 0.01 s, elapsed: 0.09 s
2018-05-03 05:08:52.278 JST [78125] LOG:  automatic analyze of table "postgres.public.pgbench_branches" system usage: CPU: user: 0.00 s, system: 0.00 s, elapsed: 0.00 s
2018-05-03 05:09:12.333 JST [78209] LOG:  automatic analyze of table "postgres.public.pgbench_tellers" system usage: CPU: user: 0.03 s, system: 0.00 s, elapsed: 0.04 s
2018-05-03 05:10:07.329 JST [78452] LOG:  automatic analyze of table "postgres.public.pgbench_branches" system usage: CPU: user: 0.00 s, system: 0.00 s, elapsed: 0.00 s
2018-05-03 05:10:12.434 JST [78474] LOG:  automatic analyze of table "postgres.public.pgbench_history" system usage: CPU: user: 0.09 s, system: 0.01 s, elapsed: 0.10 s
2018-05-03 05:10:32.395 JST [78563] LOG:  automatic analyze of table "postgres.public.pgbench_tellers" system usage: CPU: user: 0.04 s, system: 0.00 s, elapsed: 0.04 s
2018-05-03 05:11:22.390 JST [78778] LOG:  automatic analyze of table "postgres.public.pgbench_branches" system usage: CPU: user: 0.00 s, system: 0.00 s, elapsed: 0.00 s
2018-05-03 05:11:52.451 JST [78903] LOG:  automatic analyze of table "postgres.public.pgbench_tellers" system usage: CPU: user: 0.03 s, system: 0.00 s, elapsed: 0.04 s
2018-05-03 05:12:12.518 JST [78987] LOG:  automatic analyze of table "postgres.public.pgbench_history" system usage: CPU: user: 0.09 s, system: 0.01 s, elapsed: 0.11 s
2018-05-03 05:12:42.429 JST [79118] LOG:  automatic analyze of table "postgres.public.pgbench_branches" system usage: CPU: user: 0.00 s, system: 0.00 s, elapsed: 0.00 s
2018-05-03 05:13:17.566 JST [79273] LOG:  automatic analyze of table "postgres.public.pgbench_tellers" system usage: CPU: user: 0.04 s, system: 0.00 s, elapsed: 0.04 s
2018-05-03 05:14:02.638 JST [79496] LOG:  automatic analyze of table "postgres.public.pgbench_branches" system usage: CPU: user: 0.00 s, system: 0.00 s, elapsed: 0.00 s
2018-05-03 05:14:37.782 JST [79648] LOG:  automatic analyze of table "postgres.public.pgbench_history" system usage: CPU: user: 0.10 s, system: 0.02 s, elapsed: 0.12 s
2018-05-03 05:14:47.694 JST [79690] LOG:  automatic analyze of table "postgres.public.pgbench_tellers" system usage: CPU: user: 0.04 s, system: 0.00 s, elapsed: 0.04 s
2018-05-03 05:15:27.679 JST [79864] LOG:  automatic analyze of table "postgres.public.pgbench_branches" system usage: CPU: user: 0.00 s, system: 0.00 s, elapsed: 0.00 s
2018-05-03 05:16:22.821 JST [80100] LOG:  automatic analyze of table "postgres.public.pgbench_tellers" system usage: CPU: user: 0.04 s, system: 0.00 s, elapsed: 0.04 s
2018-05-03 05:16:57.793 JST [80244] LOG:  automatic analyze of table "postgres.public.pgbench_branches" system usage: CPU: user: 0.00 s, system: 0.00 s, elapsed: 0.00 s
2018-05-03 05:17:32.946 JST [80396] LOG:  automatic analyze of table "postgres.public.pgbench_history" system usage: CPU: user: 0.11 s, system: 0.02 s, elapsed: 0.13 s
2018-05-03 05:18:02.852 JST [80523] LOG:  automatic analyze of table "postgres.public.pgbench_tellers" system usage: CPU: user: 0.03 s, system: 0.01 s, elapsed: 0.04 s
2018-05-03 05:18:32.820 JST [80654] LOG:  automatic analyze of table "postgres.public.pgbench_branches" system usage: CPU: user: 0.00 s, system: 0.00 s, elapsed: 0.00 s
2018-05-03 05:19:42.981 JST [80954] LOG:  automatic analyze of table "postgres.public.pgbench_tellers" system usage: CPU: user: 0.03 s, system: 0.00 s, elapsed: 0.04 s
2018-05-03 05:20:07.961 JST [81062] LOG:  automatic analyze of table "postgres.public.pgbench_branches" system usage: CPU: user: 0.00 s, system: 0.00 s, elapsed: 0.00 s
2018-05-03 05:20:53.120 JST [81258] LOG:  automatic analyze of table "postgres.public.pgbench_history" system usage: CPU: user: 0.12 s, system: 0.02 s, elapsed: 0.15 s
2018-05-03 05:21:28.024 JST [81410] LOG:  automatic analyze of table "postgres.public.pgbench_tellers" system usage: CPU: user: 0.04 s, system: 0.00 s, elapsed: 0.04 s
2018-05-03 05:21:47.979 JST [81494] LOG:  automatic analyze of table "postgres.public.pgbench_branches" system usage: CPU: user: 0.00 s, system: 0.00 s, elapsed: 0.00 s
2018-05-03 05:22:25.790 JST [73780] LOG:  checkpoint starting: time
2018-05-03 05:52:14.674 JST [89387] LOG:  automatic analyze of table "postgres.public.pgbench_tellers" system usage: CPU: user: 0.03 s, system: 0.00 s, elapsed: 0.04 s
