2018-05-07 10:02:21.871 JST [156663] LOG:  received fast shutdown request
2018-05-07 10:02:21.871 JST [156663] LOG:  aborting any active transactions
2018-05-07 10:02:21.871 JST [156673] FATAL:  terminating connection due to administrator command
2018-05-07 10:02:21.872 JST [156663] LOG:  background worker "logical replication launcher" (PID 156674) exited with exit code 1
2018-05-07 10:02:21.874 JST [156663] LOG:  background worker "walker" (PID 156673) exited with exit code 1
2018-05-07 10:02:21.874 JST [156667] LOG:  shutting down
2018-05-07 10:02:21.875 JST [156667] LOG:  checkpoint starting: shutdown immediate
2018-05-07 10:02:21.986 JST [156667] LOG:  checkpoint complete: wrote 0 buffers (0.0%); 0 WAL file(s) added, 0 removed, 0 recycled; write=0.109 s, sync=0.000 s, total=0.111 s; sync files=0, longest=0.000 s, average=0.000 s; distance=0 kB, estimate=487 kB
2018-05-07 10:02:22.306 JST [156663] LOG:  database system is shut down
2018-05-07 10:02:23.067 JST [156731] LOG:  database system was shut down at 2018-05-07 10:02:21 JST
2018-05-07 10:02:23.070 JST [156729] LOG:  database system is ready to accept connections
2018-05-07 10:02:23.071 JST [156737] LOG:  restored 25079 13285 1663
2018-05-07 10:02:23.074 JST [156737] LOG:  restored 25080 13285 1663
2018-05-07 10:02:23.077 JST [156737] LOG:  restored 25082 13285 1663
2018-05-07 10:02:23.220 JST [156737] LOG:  created new! cur 25081 13285 1663, gmaprel 25081 13285 1663
2018-05-07 10:02:28.122 JST [156798] LOG:  starting vacuum on "pgbench_branches"
2018-05-07 10:02:28.531 JST [156798] LOG:  --- RANGE STATS [0 - 945] : rel "pgbench_branches" vacuumed 0 - 945 page for 945 pages out of 945 pages, removed 39641, cannot removed 2869
2018-05-07 10:02:29.007 JST [156798] LOG:  automatic vacuum of table "postgres.public.pgbench_branches": index scans: 1
	pages: 0 removed, 945 remain, 0 skipped due to pins, 0 skipped frozen
	tuples: 39641 removed, 10869 remain, 2869 are dead but not yet removable, oldest xmin: 89659465
	buffer usage: 2488 hits, 211 misses, 206 dirtied
	avg read rate: 1.862 MB/s, avg write rate: 1.818 MB/s
	system usage: CPU: user: 0.02 s, system: 0.01 s, elapsed: 0.88 s
2018-05-07 10:02:29.291 JST [156798] LOG:  automatic analyze of table "postgres.public.pgbench_branches" system usage: CPU: user: 0.01 s, system: 0.00 s, elapsed: 0.28 s
