2018-05-02 17:15:49.058 JST [125199] LOG:  received fast shutdown request
2018-05-02 17:15:49.058 JST [125199] LOG:  aborting any active transactions
2018-05-02 17:15:49.059 JST [125208] FATAL:  terminating connection due to administrator command
2018-05-02 17:15:49.059 JST [125251] FATAL:  terminating autovacuum process due to administrator command
2018-05-02 17:15:49.059 JST [125199] LOG:  background worker "logical replication launcher" (PID 125209) exited with exit code 1
2018-05-02 17:15:49.062 JST [125199] LOG:  background worker "walker" (PID 125208) exited with exit code 1
2018-05-02 17:15:49.069 JST [125203] LOG:  shutting down
2018-05-02 17:15:49.069 JST [125203] LOG:  checkpoint starting: shutdown immediate
2018-05-02 17:15:49.798 JST [125203] LOG:  checkpoint complete: wrote 0 buffers (0.0%); 0 WAL file(s) added, 157 removed, 0 recycled; write=0.111 s, sync=0.000 s, total=0.728 s; sync files=0, longest=0.000 s, average=0.000 s; distance=0 kB, estimate=2313108 kB
2018-05-02 17:15:50.081 JST [125199] LOG:  database system is shut down
2018-05-02 17:15:50.903 JST [126809] LOG:  database system was shut down at 2018-05-02 17:15:49 JST
2018-05-02 17:15:50.905 JST [126806] LOG:  database system is ready to accept connections
2018-05-02 17:15:50.906 JST [126815] LOG:  restored 25079 13285 1663
2018-05-02 17:15:50.909 JST [126815] LOG:  restored 25080 13285 1663
2018-05-02 17:15:50.912 JST [126815] LOG:  restored 25082 13285 1663
2018-05-02 17:15:50.915 JST [126815] LOG:  restored 25081 13285 1663
2018-05-02 17:15:55.961 JST [126915] LOG:  ----- Select higher 20 percent ranges -----
2018-05-02 17:15:55.962 JST [126915] LOG:  1161,1164,1193,1164,1211,1174,1159,1155,1191,1170,1161,1190,1163,1153,1205,1159,1178,1169,1208,1198,1154,1152,1212,1167,1188,1189,1201,1153,1152,1163,1211,1159,1195,1165,1194,1204,1192,1163,1157,1190,1173,1222,1156,1165,1166,1177,1222,1153,1193,1197,1180,1207,1183,1214,1175,1209,1208,1213,1227,1195,1195,1223,1181,1200,1174,1190,1211,1185,1175,1200,1194,1207,1160,1214,1194,1195,1207,1222,1223,1181,1211,1226,1225,1185,1179,1222,1182,1187,1203,1155,1224,1195,1194,1193,1224,1209,1209,1222,1214,1218,1221,1186,1187,1199,1224,1221,1200,1190,1203,1174,1233,1202,1193,1216,1199,1204,1224,1198,1168,1178,1197,1176,1217,1194,1232,1196,1211,1219,1182,1187,1227,1175,1196,1231,1199,1222,1182,1196,1172,1209,1192,1228,1218,1221,1230,1226,1213,1208,1233,1231,1233,1204,1191,1225,1226,1227,1231,1211,1219,1215,1229,1210,1208,1231,1209,1215,1209,1227,1199,1221,1206,1224,1230,1231,1232,1203,1216,1192,1229,1214,1232,1212,1218,1218,1226,1192,1223,1226,1186,1228,1226,1223,1223,1179,1230,1232,1228,1190,1225,1228,1223,1224,1226,1200,1218,1220,1228,1216,1231,1214,1230,1231,1195,1224,1225,1221,1201,1201,1233,1230,1207,1226,1218,1209,1194,1193,1211,1216,1223,1219,1223,1210,1196,1172,1211,1211,1207,1229,1228,1201,1233,1160,1190,1231,1214,1188,1229,1214,1180,1225,1226,1227,1152,1214,1197,1220,1208,1219,1176,1205,1184,1186,1163,1178,1232,1211,1174,1194,1175,1184,1193,1200,1178,1166,1223,1203,1194,1232,1225,1199,1183,1205,1193,1172,1200,1170,1204,1207,1197,1184,1233,1215,1208,1175,1185,1220,1213,1229,1177,1156,1194,1198,1197,1204,1214,1202,1206,1197,1233,1182,1198,1182,1188,1190,1213,1187,1168,1206,1217,1167,1178,1192,1173,1152,1174,1201,1166,1157,1166,1205,1201,1170,1166,1193,1185,1155,1180,1156,1174,1176,1178,1177,1161,1152,1166,1159,1176,1168,1160,1157,1180,1172,1201,1154,1163
2018-05-02 17:15:55.962 JST [126915] LOG:  ---------- CHOOSE 355 ranges-----------------
2018-05-02 17:15:55.962 JST [126915] LOG:  starting vacuum "pgbench_accounts"
2018-05-02 17:15:56.123 JST [126915] LOG:  --- RANGE STATS [4701060 - 4705154] : rel "pgbench_accounts" vacuumed 4701060 - 4705154 page for 4094 pages out of 13242259 pages, removed 2993, cannot removed 1
2018-05-02 17:15:56.279 JST [126915] LOG:  --- RANGE STATS [4713345 - 4717439] : rel "pgbench_accounts" vacuumed 4713345 - 4717439 page for 4094 pages out of 13242259 pages, removed 2967, cannot removed 0
2018-05-02 17:15:56.425 JST [126915] LOG:  --- RANGE STATS [4758390 - 4762484] : rel "pgbench_accounts" vacuumed 4758390 - 4762484 page for 4094 pages out of 13242259 pages, removed 2997, cannot removed 1
2018-05-02 17:15:56.585 JST [126915] LOG:  --- RANGE STATS [4770675 - 4774769] : rel "pgbench_accounts" vacuumed 4770675 - 4774769 page for 4094 pages out of 13242259 pages, removed 2942, cannot removed 5
2018-05-02 17:15:56.734 JST [126915] LOG:  --- RANGE STATS [4799340 - 4803434] : rel "pgbench_accounts" vacuumed 4799340 - 4803434 page for 4094 pages out of 13242259 pages, removed 2989, cannot removed 5
2018-05-02 17:15:56.890 JST [126915] LOG:  --- RANGE STATS [4807530 - 4811624] : rel "pgbench_accounts" vacuumed 4807530 - 4811624 page for 4094 pages out of 13242259 pages, removed 3038, cannot removed 3
2018-05-02 17:15:57.045 JST [126915] LOG:  --- RANGE STATS [4815720 - 4819814] : rel "pgbench_accounts" vacuumed 4815720 - 4819814 page for 4094 pages out of 13242259 pages, removed 2978, cannot removed 8
2018-05-02 17:15:57.192 JST [126915] LOG:  --- RANGE STATS [4819815 - 4823909] : rel "pgbench_accounts" vacuumed 4819815 - 4823909 page for 4094 pages out of 13242259 pages, removed 2955, cannot removed 13
2018-05-02 17:15:57.342 JST [126915] LOG:  --- RANGE STATS [4832100 - 4836194] : rel "pgbench_accounts" vacuumed 4832100 - 4836194 page for 4094 pages out of 13242259 pages, removed 3007, cannot removed 14
2018-05-02 17:15:57.490 JST [126915] LOG:  --- RANGE STATS [4844385 - 4848479] : rel "pgbench_accounts" vacuumed 4844385 - 4848479 page for 4094 pages out of 13242259 pages, removed 3052, cannot removed 14
2018-05-02 17:15:57.640 JST [126915] LOG:  --- RANGE STATS [4856670 - 4860764] : rel "pgbench_accounts" vacuumed 4856670 - 4860764 page for 4094 pages out of 13242259 pages, removed 2975, cannot removed 11
2018-05-02 17:15:57.812 JST [126915] LOG:  --- RANGE STATS [4860765 - 4864859] : rel "pgbench_accounts" vacuumed 4860765 - 4864859 page for 4094 pages out of 13242259 pages, removed 2986, cannot removed 16
2018-05-02 17:15:57.958 JST [126915] LOG:  --- RANGE STATS [4873050 - 4877144] : rel "pgbench_accounts" vacuumed 4873050 - 4877144 page for 4094 pages out of 13242259 pages, removed 3002, cannot removed 15
2018-05-02 17:15:58.108 JST [126915] LOG:  --- RANGE STATS [4881240 - 4885334] : rel "pgbench_accounts" vacuumed 4881240 - 4885334 page for 4094 pages out of 13242259 pages, removed 3018, cannot removed 12
2018-05-02 17:15:58.249 JST [126915] LOG:  --- RANGE STATS [4885335 - 4889429] : rel "pgbench_accounts" vacuumed 4885335 - 4889429 page for 4094 pages out of 13242259 pages, removed 2956, cannot removed 30
2018-05-02 17:15:58.406 JST [126915] LOG:  --- RANGE STATS [4889430 - 4893524] : rel "pgbench_accounts" vacuumed 4889430 - 4893524 page for 4094 pages out of 13242259 pages, removed 2985, cannot removed 20
2018-05-02 17:15:58.564 JST [126915] LOG:  --- RANGE STATS [4905810 - 4909904] : rel "pgbench_accounts" vacuumed 4905810 - 4909904 page for 4094 pages out of 13242259 pages, removed 3008, cannot removed 24
2018-05-02 17:15:58.712 JST [126915] LOG:  --- RANGE STATS [4909905 - 4913999] : rel "pgbench_accounts" vacuumed 4909905 - 4913999 page for 4094 pages out of 13242259 pages, removed 2991, cannot removed 26
2018-05-02 17:15:58.855 JST [126915] LOG:  --- RANGE STATS [4914000 - 4918094] : rel "pgbench_accounts" vacuumed 4914000 - 4918094 page for 4094 pages out of 13242259 pages, removed 2955, cannot removed 25
2018-05-02 17:15:58.999 JST [126915] LOG:  --- RANGE STATS [4918095 - 4922189] : rel "pgbench_accounts" vacuumed 4918095 - 4922189 page for 4094 pages out of 13242259 pages, removed 2974, cannot removed 22
2018-05-02 17:15:59.144 JST [126915] LOG:  --- RANGE STATS [4922190 - 4926284] : rel "pgbench_accounts" vacuumed 4922190 - 4926284 page for 4094 pages out of 13242259 pages, removed 2987, cannot removed 27
2018-05-02 17:15:59.294 JST [126915] LOG:  --- RANGE STATS [4954950 - 4959044] : rel "pgbench_accounts" vacuumed 4954950 - 4959044 page for 4094 pages out of 13242259 pages, removed 2992, cannot removed 35
2018-05-02 17:15:59.383 JST [126915] LOG:  --- RANGE STATS [4959045 - 4963139] : rel "pgbench_accounts" vacuumed 4959045 - 4963139 page for 4094 pages out of 13242259 pages, removed 1230, cannot removed 43
2018-05-02 17:15:59.532 JST [126915] LOG:  --- RANGE STATS [4963140 - 4967234] : rel "pgbench_accounts" vacuumed 4963140 - 4967234 page for 4094 pages out of 13242259 pages, removed 2963, cannot removed 29
2018-05-02 17:15:59.697 JST [126915] LOG:  --- RANGE STATS [4971330 - 4975424] : rel "pgbench_accounts" vacuumed 4971330 - 4975424 page for 4094 pages out of 13242259 pages, removed 3016, cannot removed 40
2018-05-02 17:15:59.843 JST [126915] LOG:  --- RANGE STATS [4975425 - 4979519] : rel "pgbench_accounts" vacuumed 4975425 - 4979519 page for 4094 pages out of 13242259 pages, removed 2990, cannot removed 37
2018-05-02 17:15:59.985 JST [126915] LOG:  --- RANGE STATS [4979520 - 4983614] : rel "pgbench_accounts" vacuumed 4979520 - 4983614 page for 4094 pages out of 13242259 pages, removed 3018, cannot removed 32
2018-05-02 17:16:00.125 JST [126915] LOG:  --- RANGE STATS [4983615 - 4987709] : rel "pgbench_accounts" vacuumed 4983615 - 4987709 page for 4094 pages out of 13242259 pages, removed 3005, cannot removed 33
2018-05-02 17:16:00.265 JST [126915] LOG:  --- RANGE STATS [4987710 - 4991804] : rel "pgbench_accounts" vacuumed 4987710 - 4991804 page for 4094 pages out of 13242259 pages, removed 2988, cannot removed 45
2018-05-02 17:16:00.411 JST [126915] LOG:  --- RANGE STATS [4995900 - 4999994] : rel "pgbench_accounts" vacuumed 4995900 - 4999994 page for 4094 pages out of 13242259 pages, removed 2986, cannot removed 42
2018-05-02 17:16:00.563 JST [126915] LOG:  --- RANGE STATS [4999995 - 5004089] : rel "pgbench_accounts" vacuumed 4999995 - 5004089 page for 4094 pages out of 13242259 pages, removed 2987, cannot removed 42
2018-05-02 17:16:00.717 JST [126915] LOG:  --- RANGE STATS [5004090 - 5008184] : rel "pgbench_accounts" vacuumed 5004090 - 5008184 page for 4094 pages out of 13242259 pages, removed 2972, cannot removed 45
2018-05-02 17:16:00.882 JST [126915] LOG:  --- RANGE STATS [5008185 - 5012279] : rel "pgbench_accounts" vacuumed 5008185 - 5012279 page for 4094 pages out of 13242259 pages, removed 2984, cannot removed 55
2018-05-02 17:16:00.977 JST [126935] LOG:  automatic analyze of table "postgres.public.pgbench_branches" system usage: CPU: user: 0.00 s, system: 0.00 s, elapsed: 0.00 s
