2018-05-02 17:23:06.308 JST [135791] LOG:  received fast shutdown request
2018-05-02 17:23:06.308 JST [135791] LOG:  aborting any active transactions
2018-05-02 17:23:06.308 JST [135799] FATAL:  terminating connection due to administrator command
2018-05-02 17:23:06.309 JST [135791] LOG:  background worker "logical replication launcher" (PID 135800) exited with exit code 1
2018-05-02 17:23:06.311 JST [135791] LOG:  background worker "walker" (PID 135799) exited with exit code 1
2018-05-02 17:23:06.312 JST [135794] LOG:  shutting down
2018-05-02 17:23:06.312 JST [135794] LOG:  checkpoint starting: shutdown immediate
2018-05-02 17:23:06.422 JST [135794] LOG:  checkpoint complete: wrote 0 buffers (0.0%); 0 WAL file(s) added, 0 removed, 0 recycled; write=0.108 s, sync=0.000 s, total=0.110 s; sync files=0, longest=0.000 s, average=0.000 s; distance=0 kB, estimate=9 kB
2018-05-02 17:23:06.764 JST [135791] LOG:  database system is shut down
2018-05-02 17:23:07.511 JST [135845] LOG:  database system was shut down at 2018-05-02 17:23:06 JST
2018-05-02 17:23:07.513 JST [135843] LOG:  database system is ready to accept connections
2018-05-02 17:23:07.515 JST [135851] LOG:  restored 25079 13285 1663
2018-05-02 17:23:07.518 JST [135851] LOG:  restored 25080 13285 1663
2018-05-02 17:23:07.521 JST [135851] LOG:  restored 25082 13285 1663
2018-05-02 17:23:07.525 JST [135851] LOG:  restored 25081 13285 1663
2018-05-02 17:23:12.572 JST [135942] LOG:  ----- Select higher 20 percent ranges -----
2018-05-02 17:23:12.572 JST [135942] LOG:  1256,1249,1264,1278,1242,1285,1251,1287,1279,1248,1322,1295,1244,1249,1258,1246,1257,1287,1246,1282,1285,1291,1301,1309,1314,1338,1329,1261,1295,1249,1256,1299,1244,1270,1260,1248,1259,1286,1244,1243,1284,1355,1363,1316,1286,1249,1267,1295,1307,1291,1275,1264,1328,1252,1258,1287,1270,1279,1318,1333,1301,1355,1333,1306,1289,1271,1267,1283,1297,1278,1324,1302,1295,1336,1248,1265,1319,1317,1241,1251,1319,1343,1287,1340,1347,1318,1315,1257,1356,1283,1341,1359,1272,1317,1306,1325,1295,1314,1281,1333,1316,1316,1276,1265,1329,1363,1335,1294,1345,1350,1338,1302,1315,1317,1332,1378,1292,1313,1351,1345,1319,1333,1296,1352,1347,1352,1305,1289,1366,1380,1354,1358,1319,1376,1357,1344,1350,1363,1380,1370,1333,1378,1365,1357,1358,1333,1370,1360,1361,1346,1361,1403,1327,1366,1356,1385,1359,1347,1366,1383,1361,1340,1365,1364,1354,1331,1365,1337,1358,1328,1378,1316,1355,1337,1384,1364,1348,1378,1322,1365,1331,1346,1326,1298,1362,1369,1380,1272,1345,1364,1368,1335,1309,1339,1346,1280,1357,1335,1372,1293,1336,1313,1379,1254,1326,1342,1378,1378,1326,1304,1360,1377,1350,1356,1273,1333,1303,1323,1323,1336,1301,1318,1325,1346,1327,1262,1302,1310,1370,1307,1316,1315,1269,1345,1314,1346,1336,1319,1336,1310,1302,1368,1326,1350,1299,1269,1340,1322,1293,1342,1274,1366,1311,1262,1300,1331,1363,1293,1272,1294,1288,1301,1322,1266,1329,1301,1266,1261,1326,1319,1308,1284,1297,1283,1315,1315,1266,1287,1338,1305,1251,1272,1312,1328,1300,1254,1254,1284,1378,1281,1278,1268,1272,1284,1258,1291,1246,1283,1262,1283,1281,1297,1267,1301,1285,1269,1247,1294,1251,1257,1257,1250,1252,1241,1244,1252,1272,1264,1251,1261,1287,1253,1290,1242,1288,1251,1276,1251,1245,1245,1256,1267,1240,1251,1244
2018-05-02 17:23:12.572 JST [135942] LOG:  ---------- CHOOSE 335 ranges-----------------
2018-05-02 17:23:12.573 JST [135942] LOG:  starting vacuum "pgbench_accounts"
2018-05-02 17:23:12.625 JST [135942] LOG:  --- RANGE STATS [4156425 - 4160519] : rel "pgbench_accounts" vacuumed 4156425 - 4160519 page for 4094 pages out of 13246970 pages, removed 44, cannot removed 1
2018-05-02 17:23:12.674 JST [135942] LOG:  --- RANGE STATS [4185090 - 4189184] : rel "pgbench_accounts" vacuumed 4185090 - 4189184 page for 4094 pages out of 13246970 pages, removed 35, cannot removed 0
2018-05-02 17:23:12.722 JST [135942] LOG:  --- RANGE STATS [4197375 - 4201469] : rel "pgbench_accounts" vacuumed 4197375 - 4201469 page for 4094 pages out of 13246970 pages, removed 36, cannot removed 1
2018-05-02 17:23:12.769 JST [135942] LOG:  --- RANGE STATS [4213755 - 4217849] : rel "pgbench_accounts" vacuumed 4213755 - 4217849 page for 4094 pages out of 13246970 pages, removed 38, cannot removed 0
2018-05-02 17:23:13.020 JST [135942] LOG:  --- RANGE STATS [4217850 - 4221944] : rel "pgbench_accounts" vacuumed 4217850 - 4221944 page for 4094 pages out of 13246970 pages, removed 2940, cannot removed 3
2018-05-02 17:23:13.068 JST [135942] LOG:  --- RANGE STATS [4226040 - 4230134] : rel "pgbench_accounts" vacuumed 4226040 - 4230134 page for 4094 pages out of 13246970 pages, removed 33, cannot removed 2
2018-05-02 17:23:13.119 JST [135942] LOG:  --- RANGE STATS [4246515 - 4250609] : rel "pgbench_accounts" vacuumed 4246515 - 4250609 page for 4094 pages out of 13246970 pages, removed 37, cannot removed 2
2018-05-02 17:23:13.165 JST [135942] LOG:  --- RANGE STATS [4262895 - 4266989] : rel "pgbench_accounts" vacuumed 4262895 - 4266989 page for 4094 pages out of 13246970 pages, removed 38, cannot removed 1
2018-05-02 17:23:13.211 JST [135942] LOG:  --- RANGE STATS [4271085 - 4275179] : rel "pgbench_accounts" vacuumed 4271085 - 4275179 page for 4094 pages out of 13246970 pages, removed 46, cannot removed 4
2018-05-02 17:23:13.262 JST [135942] LOG:  --- RANGE STATS [4279275 - 4283369] : rel "pgbench_accounts" vacuumed 4279275 - 4283369 page for 4094 pages out of 13246970 pages, removed 115, cannot removed 4
2018-05-02 17:23:13.338 JST [135942] LOG:  --- RANGE STATS [4287465 - 4291559] : rel "pgbench_accounts" vacuumed 4287465 - 4291559 page for 4094 pages out of 13246970 pages, removed 114, cannot removed 8
2018-05-02 17:23:13.417 JST [135942] LOG:  --- RANGE STATS [4291560 - 4295654] : rel "pgbench_accounts" vacuumed 4291560 - 4295654 page for 4094 pages out of 13246970 pages, removed 115, cannot removed 9
