2018-05-02 17:19:00.926 JST [130492] LOG:  received fast shutdown request
2018-05-02 17:19:00.926 JST [130492] LOG:  aborting any active transactions
2018-05-02 17:19:00.927 JST [130501] FATAL:  terminating connection due to administrator command
2018-05-02 17:19:00.927 JST [130492] LOG:  background worker "logical replication launcher" (PID 130502) exited with exit code 1
2018-05-02 17:19:00.930 JST [130492] LOG:  background worker "walker" (PID 130501) exited with exit code 1
2018-05-02 17:19:00.930 JST [130496] LOG:  shutting down
2018-05-02 17:19:00.931 JST [130496] LOG:  checkpoint starting: shutdown immediate
2018-05-02 17:19:01.041 JST [130496] LOG:  checkpoint complete: wrote 0 buffers (0.0%); 0 WAL file(s) added, 0 removed, 0 recycled; write=0.109 s, sync=0.000 s, total=0.111 s; sync files=0, longest=0.000 s, average=0.000 s; distance=0 kB, estimate=6 kB
2018-05-02 17:19:01.368 JST [130492] LOG:  database system is shut down
2018-05-02 17:19:02.138 JST [130547] LOG:  database system was shut down at 2018-05-02 17:19:01 JST
2018-05-02 17:19:02.140 JST [130545] LOG:  database system is ready to accept connections
2018-05-02 17:19:02.141 JST [130553] LOG:  restored 25079 13285 1663
2018-05-02 17:19:02.144 JST [130553] LOG:  restored 25080 13285 1663
2018-05-02 17:19:02.148 JST [130553] LOG:  restored 25082 13285 1663
2018-05-02 17:19:02.151 JST [130553] LOG:  restored 25081 13285 1663
2018-05-02 17:19:07.194 JST [130647] LOG:  ----- Select higher 20 percent ranges -----
2018-05-02 17:19:07.195 JST [130647] LOG:  1135,1137,1156,1141,1166,1149,1138,1129,1186,1170,1142,1178,1147,1133,1159,1171,1171,1186,1181,1135,1215,1187,1153,1166,1134,1169,1158,1141,1166,1143,1171,1233,1236,1183,1162,1144,1153,1164,1184,1165,1157,1144,1223,1132,1151,1158,1152,1157,1192,1204,1167,1212,1195,1179,1182,1152,1152,1162,1165,1170,1201,1199,1154,1194,1128,1147,1187,1175,1127,1129,1208,1220,1163,1208,1225,1183,1201,1143,1210,1140,1230,1228,1152,1200,1180,1201,1158,1197,1152,1220,1189,1198,1141,1146,1206,1222,1211,1173,1223,1230,1225,1175,1173,1191,1205,1242,1163,1198,1210,1203,1186,1207,1170,1219,1220,1210,1193,1156,1229,1251,1219,1228,1176,1249,1218,1203,1223,1235,1240,1224,1183,1235,1236,1231,1219,1196,1230,1226,1219,1218,1221,1239,1212,1243,1221,1247,1229,1215,1227,1225,1220,1202,1234,1232,1229,1211,1232,1205,1215,1178,1220,1176,1203,1205,1236,1216,1228,1232,1183,1247,1222,1217,1194,1157,1245,1240,1235,1147,1226,1228,1226,1203,1177,1224,1224,1149,1232,1182,1236,1171,1210,1189,1242,1129,1208,1225,1224,1229,1204,1166,1221,1247,1215,1225,1155,1213,1175,1196,1198,1222,1177,1196,1203,1230,1217,1170,1170,1231,1192,1182,1183,1158,1211,1172,1214,1188,1192,1208,1202,1151,1229,1209,1211,1190,1139,1205,1210,1168,1217,1149,1209,1180,1125,1183,1207,1222,1167,1151,1179,1176,1182,1202,1147,1201,1174,1160,1140,1198,1199,1181,1184,1155,1155,1183,1188,1125,1163,1204,1181,1131,1141,1202,1208,1165,1137,1148,1166,1225,1145,1157,1140,1127,1159,1147,1158,1148,1174,1128,1169,1157,1168,1165,1184,1153,1146,1135,1132,1179,1137,1137,1144,1126,1141,1127,1167,1142,1183,1169,1164,1153,1130,1128,1126,1125,1160,1130,1129,1133
2018-05-02 17:19:07.195 JST [130647] LOG:  ---------- CHOOSE 318 ranges-----------------
2018-05-02 17:19:07.195 JST [130647] LOG:  starting vacuum "pgbench_accounts"
2018-05-02 17:19:07.247 JST [130647] LOG:  --- RANGE STATS [4156425 - 4160519] : rel "pgbench_accounts" vacuumed 4156425 - 4160519 page for 4094 pages out of 13244058 pages, removed 37, cannot removed 0
2018-05-02 17:19:07.297 JST [130647] LOG:  --- RANGE STATS [4185090 - 4189184] : rel "pgbench_accounts" vacuumed 4185090 - 4189184 page for 4094 pages out of 13244058 pages, removed 38, cannot removed 1
2018-05-02 17:19:07.345 JST [130647] LOG:  --- RANGE STATS [4197375 - 4201469] : rel "pgbench_accounts" vacuumed 4197375 - 4201469 page for 4094 pages out of 13244058 pages, removed 44, cannot removed 2
2018-05-02 17:19:07.478 JST [130647] LOG:  --- RANGE STATS [4213755 - 4217849] : rel "pgbench_accounts" vacuumed 4213755 - 4217849 page for 4094 pages out of 13244058 pages, removed 2046, cannot removed 2
2018-05-02 17:19:07.637 JST [130647] LOG:  --- RANGE STATS [4226040 - 4230134] : rel "pgbench_accounts" vacuumed 4226040 - 4230134 page for 4094 pages out of 13244058 pages, removed 2897, cannot removed 1
2018-05-02 17:19:07.798 JST [130647] LOG:  --- RANGE STATS [4262895 - 4266989] : rel "pgbench_accounts" vacuumed 4262895 - 4266989 page for 4094 pages out of 13244058 pages, removed 2892, cannot removed 4
2018-05-02 17:19:07.958 JST [130647] LOG:  --- RANGE STATS [4271085 - 4275179] : rel "pgbench_accounts" vacuumed 4271085 - 4275179 page for 4094 pages out of 13244058 pages, removed 2914, cannot removed 5
2018-05-02 17:19:08.124 JST [130647] LOG:  --- RANGE STATS [4279275 - 4283369] : rel "pgbench_accounts" vacuumed 4279275 - 4283369 page for 4094 pages out of 13244058 pages, removed 2889, cannot removed 5
2018-05-02 17:19:08.292 JST [130647] LOG:  --- RANGE STATS [4287465 - 4291559] : rel "pgbench_accounts" vacuumed 4287465 - 4291559 page for 4094 pages out of 13244058 pages, removed 2933, cannot removed 9
2018-05-02 17:19:08.468 JST [130647] LOG:  --- RANGE STATS [4291560 - 4295654] : rel "pgbench_accounts" vacuumed 4291560 - 4295654 page for 4094 pages out of 13244058 pages, removed 2910, cannot removed 7
2018-05-02 17:19:08.625 JST [130647] LOG:  --- RANGE STATS [4303845 - 4307939] : rel "pgbench_accounts" vacuumed 4303845 - 4307939 page for 4094 pages out of 13244058 pages, removed 2910, cannot removed 14
2018-05-02 17:19:08.788 JST [130647] LOG:  --- RANGE STATS [4316130 - 4320224] : rel "pgbench_accounts" vacuumed 4316130 - 4320224 page for 4094 pages out of 13244058 pages, removed 2925, cannot removed 15
2018-05-02 17:19:08.945 JST [130647] LOG:  --- RANGE STATS [4344795 - 4348889] : rel "pgbench_accounts" vacuumed 4344795 - 4348889 page for 4094 pages out of 13244058 pages, removed 2904, cannot removed 17
2018-05-02 17:19:09.100 JST [130647] LOG:  --- RANGE STATS [4348890 - 4352984] : rel "pgbench_accounts" vacuumed 4348890 - 4352984 page for 4094 pages out of 13244058 pages, removed 2911, cannot removed 21
2018-05-02 17:19:09.256 JST [130647] LOG:  --- RANGE STATS [4352985 - 4357079] : rel "pgbench_accounts" vacuumed 4352985 - 4357079 page for 4094 pages out of 13244058 pages, removed 2927, cannot removed 17
2018-05-02 17:19:09.413 JST [130647] LOG:  --- RANGE STATS [4357080 - 4361174] : rel "pgbench_accounts" vacuumed 4357080 - 4361174 page for 4094 pages out of 13244058 pages, removed 2943, cannot removed 19
2018-05-02 17:19:09.573 JST [130647] LOG:  --- RANGE STATS [4361175 - 4365269] : rel "pgbench_accounts" vacuumed 4361175 - 4365269 page for 4094 pages out of 13244058 pages, removed 2904, cannot removed 17
2018-05-02 17:19:09.720 JST [130647] LOG:  --- RANGE STATS [4373460 - 4377554] : rel "pgbench_accounts" vacuumed 4373460 - 4377554 page for 4094 pages out of 13244058 pages, removed 2850, cannot removed 22
2018-05-02 17:19:09.879 JST [130647] LOG:  --- RANGE STATS [4377555 - 4381649] : rel "pgbench_accounts" vacuumed 4377555 - 4381649 page for 4094 pages out of 13244058 pages, removed 2903, cannot removed 33
2018-05-02 17:19:10.036 JST [130647] LOG:  --- RANGE STATS [4385745 - 4389839] : rel "pgbench_accounts" vacuumed 4385745 - 4389839 page for 4094 pages out of 13244058 pages, removed 2877, cannot removed 23
2018-05-02 17:19:10.196 JST [130647] LOG:  --- RANGE STATS [4389840 - 4393934] : rel "pgbench_accounts" vacuumed 4389840 - 4393934 page for 4094 pages out of 13244058 pages, removed 2921, cannot removed 27
2018-05-02 17:19:10.346 JST [130647] LOG:  --- RANGE STATS [4393935 - 4398029] : rel "pgbench_accounts" vacuumed 4393935 - 4398029 page for 4094 pages out of 13244058 pages, removed 2926, cannot removed 27
2018-05-02 17:19:10.506 JST [130647] LOG:  --- RANGE STATS [4398030 - 4402124] : rel "pgbench_accounts" vacuumed 4398030 - 4402124 page for 4094 pages out of 13244058 pages, removed 2882, cannot removed 17
2018-05-02 17:19:10.658 JST [130647] LOG:  --- RANGE STATS [4402125 - 4406219] : rel "pgbench_accounts" vacuumed 4402125 - 4406219 page for 4094 pages out of 13244058 pages, removed 2900, cannot removed 28
2018-05-02 17:19:10.819 JST [130647] LOG:  --- RANGE STATS [4414410 - 4418504] : rel "pgbench_accounts" vacuumed 4414410 - 4418504 page for 4094 pages out of 13244058 pages, removed 2890, cannot removed 31
2018-05-02 17:19:10.972 JST [130647] LOG:  --- RANGE STATS [4418505 - 4422599] : rel "pgbench_accounts" vacuumed 4418505 - 4422599 page for 4094 pages out of 13244058 pages, removed 2889, cannot removed 49
2018-05-02 17:19:11.130 JST [130647] LOG:  --- RANGE STATS [4426695 - 4430789] : rel "pgbench_accounts" vacuumed 4426695 - 4430789 page for 4094 pages out of 13244058 pages, removed 2874, cannot removed 37
2018-05-02 17:19:11.285 JST [130647] LOG:  --- RANGE STATS [4443075 - 4447169] : rel "pgbench_accounts" vacuumed 4443075 - 4447169 page for 4094 pages out of 13244058 pages, removed 2875, cannot removed 39
2018-05-02 17:19:11.451 JST [130647] LOG:  --- RANGE STATS [4451265 - 4455359] : rel "pgbench_accounts" vacuumed 4451265 - 4455359 page for 4094 pages out of 13244058 pages, removed 2898, cannot removed 29
2018-05-02 17:19:11.601 JST [130647] LOG:  --- RANGE STATS [4463550 - 4467644] : rel "pgbench_accounts" vacuumed 4463550 - 4467644 page for 4094 pages out of 13244058 pages, removed 2886, cannot removed 38
2018-05-02 17:19:11.770 JST [130647] LOG:  --- RANGE STATS [4467645 - 4471739] : rel "pgbench_accounts" vacuumed 4467645 - 4471739 page for 4094 pages out of 13244058 pages, removed 2889, cannot removed 36
2018-05-02 17:19:11.929 JST [130647] LOG:  --- RANGE STATS [4471740 - 4475834] : rel "pgbench_accounts" vacuumed 4471740 - 4475834 page for 4094 pages out of 13244058 pages, removed 2942, cannot removed 31
2018-05-02 17:19:12.083 JST [130647] LOG:  --- RANGE STATS [4475835 - 4479929] : rel "pgbench_accounts" vacuumed 4475835 - 4479929 page for 4094 pages out of 13244058 pages, removed 2924, cannot removed 48
2018-05-02 17:19:12.208 JST [130667] LOG:  automatic analyze of table "postgres.public.pgbench_branches" system usage: CPU: user: 0.00 s, system: 0.00 s, elapsed: 0.00 s
