2018-05-07 18:28:26.685 JST [98341] LOG:  received fast shutdown request
2018-05-07 18:28:26.686 JST [98341] LOG:  aborting any active transactions
2018-05-07 18:28:26.686 JST [98350] FATAL:  terminating connection due to administrator command
2018-05-07 18:28:26.686 JST [98341] LOG:  background worker "logical replication launcher" (PID 98351) exited with exit code 1
2018-05-07 18:28:26.689 JST [98341] LOG:  background worker "walker" (PID 98350) exited with exit code 1
2018-05-07 18:28:26.689 JST [98345] LOG:  shutting down
2018-05-07 18:28:26.690 JST [98345] LOG:  checkpoint starting: shutdown immediate
2018-05-07 18:28:26.801 JST [98345] LOG:  checkpoint complete: wrote 0 buffers (0.0%); 0 WAL file(s) added, 0 removed, 0 recycled; write=0.109 s, sync=0.000 s, total=0.111 s; sync files=0, longest=0.000 s, average=0.000 s; distance=0 kB, estimate=0 kB
2018-05-07 18:28:27.160 JST [98341] LOG:  database system is shut down
2018-05-07 18:28:27.888 JST [98396] LOG:  database system was shut down at 2018-05-07 18:28:26 JST
2018-05-07 18:28:27.890 JST [98394] LOG:  database system is ready to accept connections
2018-05-07 18:28:27.892 JST [98402] LOG:  restored 25079 13285 1663
2018-05-07 18:28:27.895 JST [98402] LOG:  restored 25080 13285 1663
2018-05-07 18:28:27.898 JST [98402] LOG:  restored 25082 13285 1663
2018-05-07 18:28:27.901 JST [98402] LOG:  restored 25081 13285 1663
2018-05-07 18:28:32.944 JST [98463] LOG:  ----- Select higher 10 percent ranges -----
2018-05-07 18:28:32.945 JST [98463] LOG:  99274,99390,99429,100209,99868,100494,100410,100186,101165,107814,107964,108001,107969,108131,108025,107611,107394,107654,106909,107805,106684,107520,106975,106972,107713,106889,107092,107451,106730,107089,106255,106954,107123,106805,107248,106571,106613,106471,107038,106383,106577,106274,106602,106725,106654,106222,106336,106940,105671,106260,106546,106214,106426,105809,105916,106456,105929,105347,105999,105525,106069,105743,106177,106229,105402,105271,105312,105657,105392,105810,105551,104759,105271,105022,105481,105109,104661,104511,105098,105148,104479,104958,104040,104527,104920,104396,104169,104943,103945,104351,104377,104081,104259,104164,104593,104209,104174,103848,103789,103936,103723,104137,103968,103943,103670,103797,103654,103250,104119,103592,103480,103532,103355,103185,103652,103174,103493,103264,102568,103225,102784,102408,103451,102573,102734,102712,102869,102257,102135,102232,102438,102142,102806,102173,102566,102344,101574,102372,101904,101981,102040,102043,101916,101476,101394,101365,101084,101364,101316,101498,101758,101337,100991,100904,100945,101065,101584,101157,100564,101189,100516,100986,100272,100475,100717,100700,100799,100505,101097,100295,100138,100487,99808,100356,100101,99583,99324,99404,100293,100018,99816,99675,99390,99526,99444,99262,99314
2018-05-07 18:28:32.945 JST [98463] LOG:  ---------- CHOOSE 187 ranges-----------------
2018-05-07 18:28:32.945 JST [98463] LOG:  starting vacuum on "pgbench_accounts"
2018-05-07 18:28:35.665 JST [98463] LOG:  --- RANGE STATS [4787055 - 4791149] : rel "pgbench_accounts" vacuumed 4787055 - 4791149 page for 4094 pages out of 13450358 pages, removed 3787, cannot removed 15
2018-05-07 18:28:38.785 JST [98463] LOG:  --- RANGE STATS [4799340 - 4803434] : rel "pgbench_accounts" vacuumed 4799340 - 4803434 page for 4094 pages out of 13450358 pages, removed 3791, cannot removed 31
2018-05-07 18:28:42.950 JST [98503] LOG:  starting vacuum on "pgbench_tellers"
2018-05-07 18:28:44.415 JST [98463] LOG:  --- RANGE STATS [4815720 - 4819814] : rel "pgbench_accounts" vacuumed 4815720 - 4819814 page for 4094 pages out of 13450358 pages, removed 3715, cannot removed 92
2018-05-07 18:28:48.810 JST [98503] LOG:  --- RANGE STATS [0 - 27387] : rel "pgbench_tellers" vacuumed 0 - 27387 page for 27387 pages out of 27387 pages, removed 123562, cannot removed 127200
2018-05-07 18:28:49.151 JST [98483] LOG:  automatic analyze of table "postgres.public.pgbench_branches" system usage: CPU: user: 0.06 s, system: 0.07 s, elapsed: 11.20 s
2018-05-07 18:28:49.666 JST [98503] LOG:  automatic vacuum of table "postgres.public.pgbench_tellers": index scans: 1
	pages: 0 removed, 27387 remain, 0 skipped due to pins, 12969 skipped frozen
	tuples: 123562 removed, 245107 remain, 127200 are dead but not yet removable, oldest xmin: 353426403
	buffer usage: 39012 hits, 6452 misses, 205 dirtied
	avg read rate: 7.505 MB/s, avg write rate: 0.238 MB/s
	system usage: CPU: user: 0.22 s, system: 0.13 s, elapsed: 6.71 s
2018-05-07 18:28:51.042 JST [98463] LOG:  --- RANGE STATS [4848480 - 4852574] : rel "pgbench_accounts" vacuumed 4848480 - 4852574 page for 4094 pages out of 13450358 pages, removed 3708, cannot removed 114
2018-05-07 18:28:56.116 JST [98463] LOG:  --- RANGE STATS [4873050 - 4877144] : rel "pgbench_accounts" vacuumed 4873050 - 4877144 page for 4094 pages out of 13450358 pages, removed 3646, cannot removed 174
2018-05-07 18:28:57.931 JST [98503] LOG:  automatic analyze of table "postgres.public.pgbench_tellers" system usage: CPU: user: 0.15 s, system: 0.05 s, elapsed: 8.26 s
2018-05-07 18:28:57.952 JST [98572] LOG:  starting vacuum on "pgbench_branches"
