2018-05-07 18:32:52.505 JST [100821] LOG:  received fast shutdown request
2018-05-07 18:32:52.505 JST [100821] LOG:  aborting any active transactions
2018-05-07 18:32:52.505 JST [100829] FATAL:  terminating connection due to administrator command
2018-05-07 18:32:52.506 JST [100821] LOG:  background worker "logical replication launcher" (PID 100830) exited with exit code 1
2018-05-07 18:32:52.509 JST [100821] LOG:  background worker "walker" (PID 100829) exited with exit code 1
2018-05-07 18:32:52.509 JST [100824] LOG:  shutting down
2018-05-07 18:32:52.509 JST [100824] LOG:  checkpoint starting: shutdown immediate
2018-05-07 18:32:52.620 JST [100824] LOG:  checkpoint complete: wrote 0 buffers (0.0%); 0 WAL file(s) added, 0 removed, 0 recycled; write=0.109 s, sync=0.000 s, total=0.111 s; sync files=0, longest=0.000 s, average=0.000 s; distance=0 kB, estimate=360 kB
2018-05-07 18:32:53.020 JST [100821] LOG:  database system is shut down
2018-05-07 18:32:53.811 JST [100876] LOG:  database system was shut down at 2018-05-07 18:32:52 JST
2018-05-07 18:32:53.813 JST [100873] LOG:  database system is ready to accept connections
2018-05-07 18:32:53.815 JST [100882] LOG:  restored 25079 13285 1663
2018-05-07 18:32:53.818 JST [100882] LOG:  restored 25080 13285 1663
2018-05-07 18:32:53.821 JST [100882] LOG:  restored 25082 13285 1663
2018-05-07 18:32:53.824 JST [100882] LOG:  restored 25081 13285 1663
2018-05-07 18:32:58.867 JST [100951] LOG:  ----- Select higher 10 percent ranges -----
2018-05-07 18:32:58.867 JST [100951] LOG:  99401,99538,99553,100348,100004,100631,100555,100304,101314,107970,108124,108162,108095,108294,108161,107734,107551,107813,107049,107945,106840,107671,107123,107145,107849,107031,107226,107596,106866,107221,106417,107094,107271,106939,107407,106700,106771,106623,107193,106527,106723,106425,106757,106867,106789,106360,106471,107070,105802,106422,106659,106368,106578,105955,106069,106612,106094,105468,106142,105709,106207,105900,106312,106364,105544,105412,105439,105790,105529,105962,105693,104914,105413,105161,105632,105252,104788,104664,105245,105315,104609,105091,104174,104656,105059,104540,104304,105084,104069,104495,104530,104222,104404,104283,104731,104353,104297,104010,103928,104078,103870,104280,104085,104065,103835,103940,103791,103406,104244,103732,103617,103680,103486,103298,103781,103310,103623,103403,102711,103360,102933,102595,103591,102732,102875,102859,103013,102386,102284,102388,102570,102285,102949,102319,102708,102493,101709,102514,102044,102102,102164,102193,102050,101608,101518,101509,101219,101498,101447,101634,101893,101493,101111,101041,101058,101222,101715,101306,100709,101340,100660,101121,100415,100611,100866,100842,100925,100635,101238,100436,100252,100636,99941,100508,100224,99722,99462,99538,100430,100154,99402,99966,99820,99529,99654,99549,99456
2018-05-07 18:32:58.867 JST [100951] LOG:  ---------- CHOOSE 187 ranges-----------------
2018-05-07 18:32:58.867 JST [100951] LOG:  starting vacuum on "pgbench_accounts"
2018-05-07 18:32:59.968 JST [100951] LOG:  --- RANGE STATS [4787055 - 4791149] : rel "pgbench_accounts" vacuumed 4787055 - 4791149 page for 4094 pages out of 13450508 pages, removed 257, cannot removed 6
2018-05-07 18:33:01.090 JST [100951] LOG:  --- RANGE STATS [4799340 - 4803434] : rel "pgbench_accounts" vacuumed 4799340 - 4803434 page for 4094 pages out of 13450508 pages, removed 267, cannot removed 25
2018-05-07 18:33:02.188 JST [100951] LOG:  --- RANGE STATS [4815720 - 4819814] : rel "pgbench_accounts" vacuumed 4815720 - 4819814 page for 4094 pages out of 13450508 pages, removed 272, cannot removed 28
2018-05-07 18:33:03.306 JST [100951] LOG:  --- RANGE STATS [4848480 - 4852574] : rel "pgbench_accounts" vacuumed 4848480 - 4852574 page for 4094 pages out of 13450508 pages, removed 277, cannot removed 42
