2018-05-02 17:26:59.287 JST [137710] LOG:  received fast shutdown request
2018-05-02 17:26:59.288 JST [137710] LOG:  aborting any active transactions
2018-05-02 17:26:59.288 JST [137718] FATAL:  terminating connection due to administrator command
2018-05-02 17:26:59.288 JST [137710] LOG:  background worker "logical replication launcher" (PID 137719) exited with exit code 1
2018-05-02 17:26:59.291 JST [137710] LOG:  background worker "walker" (PID 137718) exited with exit code 1
2018-05-02 17:26:59.291 JST [137713] LOG:  shutting down
2018-05-02 17:26:59.291 JST [137713] LOG:  checkpoint starting: shutdown immediate
2018-05-02 17:26:59.401 JST [137713] LOG:  checkpoint complete: wrote 0 buffers (0.0%); 0 WAL file(s) added, 0 removed, 0 recycled; write=0.108 s, sync=0.000 s, total=0.110 s; sync files=0, longest=0.000 s, average=0.000 s; distance=0 kB, estimate=4 kB
2018-05-02 17:26:59.717 JST [137710] LOG:  database system is shut down
2018-05-02 17:27:00.518 JST [137764] LOG:  database system was shut down at 2018-05-02 17:26:59 JST
2018-05-02 17:27:00.520 JST [137762] LOG:  database system is ready to accept connections
2018-05-02 17:27:00.521 JST [137770] LOG:  restored 25079 13285 1663
2018-05-02 17:27:00.524 JST [137770] LOG:  restored 25080 13285 1663
2018-05-02 17:27:00.528 JST [137770] LOG:  restored 25082 13285 1663
2018-05-02 17:27:00.531 JST [137770] LOG:  restored 25081 13285 1663
2018-05-02 17:27:05.580 JST [137862] LOG:  ----- Select higher 20 percent ranges -----
2018-05-02 17:27:05.580 JST [137862] LOG:  1301,1278,1284,1299,1316,1279,1318,1289,1324,1324,1285,1350,1333,1279,1279,1304,1290,1302,1333,1279,1278,1290,1311,1318,1337,1329,1352,1346,1375,1368,1294,1329,1281,1289,1332,1282,1305,1301,1302,1318,1277,1324,1385,1411,1351,1324,1292,1312,1334,1340,1325,1278,1310,1311,1377,1284,1300,1321,1317,1318,1352,1365,1343,1397,1379,1341,1327,1309,1311,1317,1333,1315,1368,1348,1323,1381,1299,1353,1356,1290,1295,1359,1383,1331,1374,1380,1357,1362,1294,1394,1310,1378,1398,1304,1365,1348,1357,1336,1352,1318,1381,1352,1350,1315,1302,1377,1400,1377,1341,1397,1402,1373,1338,1368,1369,1378,1426,1341,1368,1396,1371,1367,1370,1342,1384,1377,1398,1351,1321,1410,1439,1389,1396,1359,1410,1403,1383,1392,1400,1418,1415,1373,1421,1404,1394,1408,1371,1409,1406,1402,1384,1397,1448,1380,1404,1398,1435,1400,1389,1405,1418,1397,1380,1413,1408,1401,1373,1401,1380,1390,1362,1410,1360,1391,1377,1423,1403,1385,1420,1362,1403,1362,1381,1372,1337,1403,1410,1418,1317,1398,1406,1401,1369,1336,1385,1395,1326,1389,1369,1422,1335,1372,1365,1423,1294,1358,1376,1420,1423,1363,1347,1398,1421,1398,1393,1313,1374,1341,1368,1358,1372,1350,1350,1369,1381,1377,1301,1346,1348,1397,1351,1365,1359,1308,1391,1356,1389,1366,1361,1382,1353,1350,1400,1361,1392,1349,1311,1378,1354,1328,1385,1319,1407,1358,1295,1339,1368,1401,1346,1299,1334,1326,1328,1359,1307,1373,1340,1299,1294,1363,1353,1339,1316,1335,1304,1350,1353,1311,1328,1368,1345,1292,1308,1344,1373,1337,1279,1290,1317,1417,1320,1314,1306,1309,1322,1294,1326,1282,1317,1296,1334,1328,1331,1294,1338,1316,1298,1280,1280,1324,1293,1307,1286,1278,1290,1283,1290,1277,1282,1283,1311,1296,1288,1305,1326,1279,1290,1327,1282,1318,1313,1284,1281,1285,1277,1288,1304,1283,1282
2018-05-02 17:27:05.580 JST [137862] LOG:  ---------- CHOOSE 339 ranges-----------------
2018-05-02 17:27:05.581 JST [137862] LOG:  starting vacuum "pgbench_accounts"
2018-05-02 17:27:05.657 JST [137862] LOG:  --- RANGE STATS [4156425 - 4160519] : rel "pgbench_accounts" vacuumed 4156425 - 4160519 page for 4094 pages out of 13247586 pages, removed 51, cannot removed 0
2018-05-02 17:27:05.940 JST [137862] LOG:  --- RANGE STATS [4164615 - 4168709] : rel "pgbench_accounts" vacuumed 4164615 - 4168709 page for 4094 pages out of 13247586 pages, removed 2967, cannot removed 1
2018-05-02 17:27:05.990 JST [137862] LOG:  --- RANGE STATS [4185090 - 4189184] : rel "pgbench_accounts" vacuumed 4185090 - 4189184 page for 4094 pages out of 13247586 pages, removed 35, cannot removed 3
2018-05-02 17:27:06.051 JST [137862] LOG:  --- RANGE STATS [4197375 - 4201469] : rel "pgbench_accounts" vacuumed 4197375 - 4201469 page for 4094 pages out of 13247586 pages, removed 42, cannot removed 4
2018-05-02 17:27:06.099 JST [137862] LOG:  --- RANGE STATS [4213755 - 4217849] : rel "pgbench_accounts" vacuumed 4213755 - 4217849 page for 4094 pages out of 13247586 pages, removed 41, cannot removed 2
2018-05-02 17:27:06.159 JST [137862] LOG:  --- RANGE STATS [4217850 - 4221944] : rel "pgbench_accounts" vacuumed 4217850 - 4221944 page for 4094 pages out of 13247586 pages, removed 43, cannot removed 3
2018-05-02 17:27:06.232 JST [137862] LOG:  --- RANGE STATS [4226040 - 4230134] : rel "pgbench_accounts" vacuumed 4226040 - 4230134 page for 4094 pages out of 13247586 pages, removed 27, cannot removed 3
2018-05-02 17:27:06.280 JST [137862] LOG:  --- RANGE STATS [4246515 - 4250609] : rel "pgbench_accounts" vacuumed 4246515 - 4250609 page for 4094 pages out of 13247586 pages, removed 42, cannot removed 6
2018-05-02 17:27:06.328 JST [137862] LOG:  --- RANGE STATS [4262895 - 4266989] : rel "pgbench_accounts" vacuumed 4262895 - 4266989 page for 4094 pages out of 13247586 pages, removed 38, cannot removed 5
2018-05-02 17:27:06.376 JST [137862] LOG:  --- RANGE STATS [4271085 - 4275179] : rel "pgbench_accounts" vacuumed 4271085 - 4275179 page for 4094 pages out of 13247586 pages, removed 40, cannot removed 5
2018-05-02 17:27:06.448 JST [137862] LOG:  --- RANGE STATS [4279275 - 4283369] : rel "pgbench_accounts" vacuumed 4279275 - 4283369 page for 4094 pages out of 13247586 pages, removed 53, cannot removed 5
2018-05-02 17:27:06.527 JST [137862] LOG:  --- RANGE STATS [4287465 - 4291559] : rel "pgbench_accounts" vacuumed 4287465 - 4291559 page for 4094 pages out of 13247586 pages, removed 35, cannot removed 8
