2018-05-02 17:20:29.570 JST [132249] LOG:  received fast shutdown request
2018-05-02 17:20:29.571 JST [132249] LOG:  aborting any active transactions
2018-05-02 17:20:29.571 JST [132257] FATAL:  terminating connection due to administrator command
2018-05-02 17:20:29.571 JST [132249] LOG:  background worker "logical replication launcher" (PID 132258) exited with exit code 1
2018-05-02 17:20:29.574 JST [132249] LOG:  background worker "walker" (PID 132257) exited with exit code 1
2018-05-02 17:20:29.574 JST [132252] LOG:  shutting down
2018-05-02 17:20:29.575 JST [132252] LOG:  checkpoint starting: shutdown immediate
2018-05-02 17:20:29.686 JST [132252] LOG:  checkpoint complete: wrote 0 buffers (0.0%); 0 WAL file(s) added, 0 removed, 0 recycled; write=0.109 s, sync=0.000 s, total=0.111 s; sync files=0, longest=0.000 s, average=0.000 s; distance=0 kB, estimate=12 kB
2018-05-02 17:20:30.009 JST [132249] LOG:  database system is shut down
2018-05-02 17:20:30.793 JST [132303] LOG:  database system was shut down at 2018-05-02 17:20:29 JST
2018-05-02 17:20:30.795 JST [132301] LOG:  database system is ready to accept connections
2018-05-02 17:20:30.796 JST [132309] LOG:  restored 25079 13285 1663
2018-05-02 17:20:30.800 JST [132309] LOG:  restored 25080 13285 1663
2018-05-02 17:20:30.803 JST [132309] LOG:  restored 25082 13285 1663
2018-05-02 17:20:30.807 JST [132309] LOG:  restored 25081 13285 1663
2018-05-02 17:20:35.849 JST [132410] LOG:  ----- Select higher 20 percent ranges -----
2018-05-02 17:20:35.849 JST [132410] LOG:  1171,1175,1200,1194,1196,1200,1190,1166,1236,1212,1172,1184,1214,1190,1171,1204,1210,1215,1236,1228,1172,1261,1228,1195,1204,1178,1209,1202,1166,1183,1166,1212,1182,1213,1271,1284,1232,1207,1180,1188,1212,1217,1206,1196,1182,1261,1180,1188,1208,1191,1205,1238,1240,1211,1269,1240,1212,1218,1192,1188,1204,1217,1205,1234,1235,1199,1247,1171,1183,1238,1221,1171,1248,1259,1197,1255,1265,1230,1241,1177,1255,1195,1268,1286,1196,1244,1218,1243,1210,1237,1199,1262,1238,1247,1183,1183,1250,1277,1250,1224,1261,1271,1262,1216,1234,1232,1237,1286,1203,1229,1264,1249,1220,1247,1223,1259,1274,1259,1232,1198,1270,1296,1265,1276,1225,1290,1264,1257,1263,1276,1294,1277,1232,1280,1284,1271,1267,1248,1291,1268,1266,1260,1275,1303,1252,1287,1271,1286,1267,1260,1279,1271,1278,1249,1286,1278,1277,1259,1270,1240,1259,1230,1275,1209,1259,1249,1284,1264,1272,1278,1234,1277,1256,1256,1246,1210,1276,1286,1274,1187,1262,1285,1273,1242,1229,1262,1260,1186,1274,1234,1288,1212,1257,1232,1285,1176,1248,1259,1277,1280,1250,1211,1271,1286,1260,1271,1194,1258,1221,1230,1237,1254,1209,1248,1250,1270,1255,1166,1217,1211,1284,1230,1221,1232,1189,1248,1219,1265,1223,1231,1257,1248,1200,1281,1249,1259,1213,1181,1261,1246,1204,1262,1195,1261,1225,1181,1221,1248,1263,1215,1190,1219,1218,1232,1245,1188,1240,1207,1199,1179,1245,1241,1224,1220,1209,1199,1226,1224,1210,1253,1217,1176,1179,1232,1247,1202,1183,1183,1206,1277,1198,1194,1187,1167,1198,1177,1210,1187,1214,1173,1206,1201,1209,1201,1233,1196,1182,1176,1221,1167,1177,1184,1167,1175,1173,1209,1189,1166,1173,1230,1164,1205,1198,1164,1200,1170,1172,1164,1167,1167,1199,1177,1169,1169
2018-05-02 17:20:35.849 JST [132410] LOG:  ---------- CHOOSE 324 ranges-----------------
2018-05-02 17:20:35.849 JST [132410] LOG:  starting vacuum "pgbench_accounts"
2018-05-02 17:20:35.906 JST [132410] LOG:  --- RANGE STATS [4156425 - 4160519] : rel "pgbench_accounts" vacuumed 4156425 - 4160519 page for 4094 pages out of 13245251 pages, removed 79, cannot removed 1
2018-05-02 17:20:35.961 JST [132410] LOG:  --- RANGE STATS [4185090 - 4189184] : rel "pgbench_accounts" vacuumed 4185090 - 4189184 page for 4094 pages out of 13245251 pages, removed 72, cannot removed 2
2018-05-02 17:20:36.021 JST [132410] LOG:  --- RANGE STATS [4197375 - 4201469] : rel "pgbench_accounts" vacuumed 4197375 - 4201469 page for 4094 pages out of 13245251 pages, removed 74, cannot removed 0
2018-05-02 17:20:36.076 JST [132410] LOG:  --- RANGE STATS [4213755 - 4217849] : rel "pgbench_accounts" vacuumed 4213755 - 4217849 page for 4094 pages out of 13245251 pages, removed 81, cannot removed 3
2018-05-02 17:20:36.127 JST [132410] LOG:  --- RANGE STATS [4226040 - 4230134] : rel "pgbench_accounts" vacuumed 4226040 - 4230134 page for 4094 pages out of 13245251 pages, removed 76, cannot removed 0
2018-05-02 17:20:36.176 JST [132410] LOG:  --- RANGE STATS [4262895 - 4266989] : rel "pgbench_accounts" vacuumed 4262895 - 4266989 page for 4094 pages out of 13245251 pages, removed 84, cannot removed 1
2018-05-02 17:20:36.230 JST [132410] LOG:  --- RANGE STATS [4271085 - 4275179] : rel "pgbench_accounts" vacuumed 4271085 - 4275179 page for 4094 pages out of 13245251 pages, removed 82, cannot removed 5
2018-05-02 17:20:36.284 JST [132410] LOG:  --- RANGE STATS [4279275 - 4283369] : rel "pgbench_accounts" vacuumed 4279275 - 4283369 page for 4094 pages out of 13245251 pages, removed 85, cannot removed 2
2018-05-02 17:20:36.333 JST [132410] LOG:  --- RANGE STATS [4287465 - 4291559] : rel "pgbench_accounts" vacuumed 4287465 - 4291559 page for 4094 pages out of 13245251 pages, removed 86, cannot removed 5
2018-05-02 17:20:36.381 JST [132410] LOG:  --- RANGE STATS [4291560 - 4295654] : rel "pgbench_accounts" vacuumed 4291560 - 4295654 page for 4094 pages out of 13245251 pages, removed 76, cannot removed 3
2018-05-02 17:20:36.550 JST [132410] LOG:  --- RANGE STATS [4299750 - 4303844] : rel "pgbench_accounts" vacuumed 4299750 - 4303844 page for 4094 pages out of 13245251 pages, removed 2977, cannot removed 4
2018-05-02 17:20:36.600 JST [132410] LOG:  --- RANGE STATS [4303845 - 4307939] : rel "pgbench_accounts" vacuumed 4303845 - 4307939 page for 4094 pages out of 13245251 pages, removed 90, cannot removed 5
2018-05-02 17:20:36.661 JST [132410] LOG:  --- RANGE STATS [4316130 - 4320224] : rel "pgbench_accounts" vacuumed 4316130 - 4320224 page for 4094 pages out of 13245251 pages, removed 63, cannot removed 8
2018-05-02 17:20:36.713 JST [132410] LOG:  --- RANGE STATS [4344795 - 4348889] : rel "pgbench_accounts" vacuumed 4344795 - 4348889 page for 4094 pages out of 13245251 pages, removed 98, cannot removed 9
2018-05-02 17:20:36.763 JST [132410] LOG:  --- RANGE STATS [4348890 - 4352984] : rel "pgbench_accounts" vacuumed 4348890 - 4352984 page for 4094 pages out of 13245251 pages, removed 78, cannot removed 4
2018-05-02 17:20:36.812 JST [132410] LOG:  --- RANGE STATS [4352985 - 4357079] : rel "pgbench_accounts" vacuumed 4352985 - 4357079 page for 4094 pages out of 13245251 pages, removed 79, cannot removed 7
2018-05-02 17:20:36.873 JST [132410] LOG:  --- RANGE STATS [4357080 - 4361174] : rel "pgbench_accounts" vacuumed 4357080 - 4361174 page for 4094 pages out of 13245251 pages, removed 80, cannot removed 8
2018-05-02 17:20:36.922 JST [132410] LOG:  --- RANGE STATS [4361175 - 4365269] : rel "pgbench_accounts" vacuumed 4361175 - 4365269 page for 4094 pages out of 13245251 pages, removed 71, cannot removed 6
2018-05-02 17:20:36.971 JST [132410] LOG:  --- RANGE STATS [4373460 - 4377554] : rel "pgbench_accounts" vacuumed 4373460 - 4377554 page for 4094 pages out of 13245251 pages, removed 78, cannot removed 8
2018-05-02 17:20:37.019 JST [132410] LOG:  --- RANGE STATS [4377555 - 4381649] : rel "pgbench_accounts" vacuumed 4377555 - 4381649 page for 4094 pages out of 13245251 pages, removed 95, cannot removed 11
2018-05-02 17:20:37.072 JST [132410] LOG:  --- RANGE STATS [4385745 - 4389839] : rel "pgbench_accounts" vacuumed 4385745 - 4389839 page for 4094 pages out of 13245251 pages, removed 68, cannot removed 12
2018-05-02 17:20:37.122 JST [132410] LOG:  --- RANGE STATS [4389840 - 4393934] : rel "pgbench_accounts" vacuumed 4389840 - 4393934 page for 4094 pages out of 13245251 pages, removed 91, cannot removed 8
2018-05-02 17:20:37.171 JST [132410] LOG:  --- RANGE STATS [4393935 - 4398029] : rel "pgbench_accounts" vacuumed 4393935 - 4398029 page for 4094 pages out of 13245251 pages, removed 102, cannot removed 9
2018-05-02 17:20:37.218 JST [132410] LOG:  --- RANGE STATS [4398030 - 4402124] : rel "pgbench_accounts" vacuumed 4398030 - 4402124 page for 4094 pages out of 13245251 pages, removed 64, cannot removed 8
2018-05-02 17:20:37.278 JST [132410] LOG:  --- RANGE STATS [4402125 - 4406219] : rel "pgbench_accounts" vacuumed 4402125 - 4406219 page for 4094 pages out of 13245251 pages, removed 94, cannot removed 15
2018-05-02 17:20:37.330 JST [132410] LOG:  --- RANGE STATS [4414410 - 4418504] : rel "pgbench_accounts" vacuumed 4414410 - 4418504 page for 4094 pages out of 13245251 pages, removed 81, cannot removed 12
2018-05-02 17:20:37.381 JST [132410] LOG:  --- RANGE STATS [4418505 - 4422599] : rel "pgbench_accounts" vacuumed 4418505 - 4422599 page for 4094 pages out of 13245251 pages, removed 95, cannot removed 9
2018-05-02 17:20:37.430 JST [132410] LOG:  --- RANGE STATS [4426695 - 4430789] : rel "pgbench_accounts" vacuumed 4426695 - 4430789 page for 4094 pages out of 13245251 pages, removed 80, cannot removed 16
2018-05-02 17:20:37.588 JST [132410] LOG:  --- RANGE STATS [4434885 - 4438979] : rel "pgbench_accounts" vacuumed 4434885 - 4438979 page for 4094 pages out of 13245251 pages, removed 2921, cannot removed 10
2018-05-02 17:20:37.638 JST [132410] LOG:  --- RANGE STATS [4443075 - 4447169] : rel "pgbench_accounts" vacuumed 4443075 - 4447169 page for 4094 pages out of 13245251 pages, removed 87, cannot removed 18
2018-05-02 17:20:37.806 JST [132410] LOG:  --- RANGE STATS [4447170 - 4451264] : rel "pgbench_accounts" vacuumed 4447170 - 4451264 page for 4094 pages out of 13245251 pages, removed 2944, cannot removed 13
2018-05-02 17:20:37.864 JST [132410] LOG:  --- RANGE STATS [4451265 - 4455359] : rel "pgbench_accounts" vacuumed 4451265 - 4455359 page for 4094 pages out of 13245251 pages, removed 70, cannot removed 17
2018-05-02 17:20:37.919 JST [132410] LOG:  --- RANGE STATS [4463550 - 4467644] : rel "pgbench_accounts" vacuumed 4463550 - 4467644 page for 4094 pages out of 13245251 pages, removed 70, cannot removed 9
2018-05-02 17:20:37.968 JST [132410] LOG:  --- RANGE STATS [4467645 - 4471739] : rel "pgbench_accounts" vacuumed 4467645 - 4471739 page for 4094 pages out of 13245251 pages, removed 79, cannot removed 31
2018-05-02 17:20:38.016 JST [132410] LOG:  --- RANGE STATS [4471740 - 4475834] : rel "pgbench_accounts" vacuumed 4471740 - 4475834 page for 4094 pages out of 13245251 pages, removed 76, cannot removed 22
2018-05-02 17:20:38.070 JST [132410] LOG:  --- RANGE STATS [4475835 - 4479929] : rel "pgbench_accounts" vacuumed 4475835 - 4479929 page for 4094 pages out of 13245251 pages, removed 91, cannot removed 13
2018-05-02 17:20:38.119 JST [132410] LOG:  --- RANGE STATS [4479930 - 4484024] : rel "pgbench_accounts" vacuumed 4479930 - 4484024 page for 4094 pages out of 13245251 pages, removed 86, cannot removed 21
2018-05-02 17:20:38.169 JST [132410] LOG:  --- RANGE STATS [4484025 - 4488119] : rel "pgbench_accounts" vacuumed 4484025 - 4488119 page for 4094 pages out of 13245251 pages, removed 84, cannot removed 24
2018-05-02 17:20:38.218 JST [132410] LOG:  --- RANGE STATS [4488120 - 4492214] : rel "pgbench_accounts" vacuumed 4488120 - 4492214 page for 4094 pages out of 13245251 pages, removed 85, cannot removed 19
2018-05-02 17:20:38.273 JST [132410] LOG:  --- RANGE STATS [4496310 - 4500404] : rel "pgbench_accounts" vacuumed 4496310 - 4500404 page for 4094 pages out of 13245251 pages, removed 90, cannot removed 22
2018-05-02 17:20:38.321 JST [132410] LOG:  --- RANGE STATS [4500405 - 4504499] : rel "pgbench_accounts" vacuumed 4500405 - 4504499 page for 4094 pages out of 13245251 pages, removed 78, cannot removed 15
2018-05-02 17:20:38.418 JST [132410] LOG:  --- RANGE STATS [4504500 - 4508594] : rel "pgbench_accounts" vacuumed 4504500 - 4508594 page for 4094 pages out of 13245251 pages, removed 1260, cannot removed 16
2018-05-02 17:20:38.572 JST [132410] LOG:  --- RANGE STATS [4508595 - 4512689] : rel "pgbench_accounts" vacuumed 4508595 - 4512689 page for 4094 pages out of 13245251 pages, removed 2924, cannot removed 29
2018-05-02 17:20:38.736 JST [132410] LOG:  --- RANGE STATS [4516785 - 4520879] : rel "pgbench_accounts" vacuumed 4516785 - 4520879 page for 4094 pages out of 13245251 pages, removed 2903, cannot removed 28
2018-05-02 17:20:38.904 JST [132410] LOG:  --- RANGE STATS [4520880 - 4524974] : rel "pgbench_accounts" vacuumed 4520880 - 4524974 page for 4094 pages out of 13245251 pages, removed 2949, cannot removed 22
2018-05-02 17:20:39.066 JST [132410] LOG:  --- RANGE STATS [4524975 - 4529069] : rel "pgbench_accounts" vacuumed 4524975 - 4529069 page for 4094 pages out of 13245251 pages, removed 2940, cannot removed 33
2018-05-02 17:20:39.222 JST [132410] LOG:  --- RANGE STATS [4529070 - 4533164] : rel "pgbench_accounts" vacuumed 4529070 - 4533164 page for 4094 pages out of 13245251 pages, removed 2961, cannot removed 26
2018-05-02 17:20:39.378 JST [132410] LOG:  --- RANGE STATS [4533165 - 4537259] : rel "pgbench_accounts" vacuumed 4533165 - 4537259 page for 4094 pages out of 13245251 pages, removed 2974, cannot removed 24
2018-05-02 17:20:39.549 JST [132410] LOG:  --- RANGE STATS [4537260 - 4541354] : rel "pgbench_accounts" vacuumed 4537260 - 4541354 page for 4094 pages out of 13245251 pages, removed 2933, cannot removed 24
2018-05-02 17:20:39.714 JST [132410] LOG:  --- RANGE STATS [4541355 - 4545449] : rel "pgbench_accounts" vacuumed 4541355 - 4545449 page for 4094 pages out of 13245251 pages, removed 2967, cannot removed 28
2018-05-02 17:20:39.875 JST [132410] LOG:  --- RANGE STATS [4545450 - 4549544] : rel "pgbench_accounts" vacuumed 4545450 - 4549544 page for 4094 pages out of 13245251 pages, removed 2948, cannot removed 37
2018-05-02 17:20:40.036 JST [132410] LOG:  --- RANGE STATS [4549545 - 4553639] : rel "pgbench_accounts" vacuumed 4549545 - 4553639 page for 4094 pages out of 13245251 pages, removed 2942, cannot removed 30
2018-05-02 17:20:40.203 JST [132410] LOG:  --- RANGE STATS [4553640 - 4557734] : rel "pgbench_accounts" vacuumed 4553640 - 4557734 page for 4094 pages out of 13245251 pages, removed 2992, cannot removed 38
2018-05-02 17:20:40.366 JST [132410] LOG:  --- RANGE STATS [4557735 - 4561829] : rel "pgbench_accounts" vacuumed 4557735 - 4561829 page for 4094 pages out of 13245251 pages, removed 2989, cannot removed 49
2018-05-02 17:20:40.522 JST [132410] LOG:  --- RANGE STATS [4561830 - 4565924] : rel "pgbench_accounts" vacuumed 4561830 - 4565924 page for 4094 pages out of 13245251 pages, removed 2972, cannot removed 43
2018-05-02 17:20:40.680 JST [132410] LOG:  --- RANGE STATS [4565925 - 4570019] : rel "pgbench_accounts" vacuumed 4565925 - 4570019 page for 4094 pages out of 13245251 pages, removed 2960, cannot removed 44
2018-05-02 17:20:40.838 JST [132410] LOG:  --- RANGE STATS [4570020 - 4574114] : rel "pgbench_accounts" vacuumed 4570020 - 4574114 page for 4094 pages out of 13245251 pages, removed 2964, cannot removed 47
2018-05-02 17:20:40.855 JST [132439] LOG:  automatic analyze of table "postgres.public.pgbench_branches" system usage: CPU: user: 0.00 s, system: 0.00 s, elapsed: 0.00 s
