2018-05-06 13:13:49.010 JST [61999] LOG:  received fast shutdown request
2018-05-06 13:13:49.010 JST [61999] LOG:  aborting any active transactions
2018-05-06 13:13:49.011 JST [61999] LOG:  background worker "logical replication launcher" (PID 62008) exited with exit code 1
2018-05-06 13:13:49.011 JST [62003] LOG:  shutting down
2018-05-06 13:13:49.015 JST [62003] LOG:  checkpoint starting: shutdown immediate
2018-05-06 13:13:49.125 JST [62003] LOG:  checkpoint complete: wrote 0 buffers (0.0%); 0 WAL file(s) added, 0 removed, 0 recycled; write=0.108 s, sync=0.000 s, total=0.113 s; sync files=0, longest=0.000 s, average=0.000 s; distance=0 kB, estimate=0 kB
2018-05-06 13:13:49.397 JST [61999] LOG:  database system is shut down
2018-05-06 13:13:50.346 JST [62053] LOG:  database system was shut down at 2018-05-06 13:13:49 JST
2018-05-06 13:13:50.348 JST [62051] LOG:  database system is ready to accept connections
2018-05-06 13:14:00.397 JST [62141] LOG:  automatic analyze of table "postgres.public.pgbench_branches" system usage: CPU: user: 0.00 s, system: 0.00 s, elapsed: 0.00 s
2018-05-06 13:14:00.485 JST [62141] LOG:  automatic analyze of table "postgres.public.pgbench_history" system usage: CPU: user: 0.07 s, system: 0.00 s, elapsed: 0.07 s
2018-05-06 13:14:00.536 JST [62141] LOG:  automatic analyze of table "postgres.public.pgbench_tellers" system usage: CPU: user: 0.03 s, system: 0.00 s, elapsed: 0.03 s
2018-05-06 13:14:15.423 JST [62201] LOG:  automatic analyze of table "postgres.public.pgbench_branches" system usage: CPU: user: 0.00 s, system: 0.00 s, elapsed: 0.00 s
2018-05-06 13:14:15.563 JST [62201] LOG:  automatic analyze of table "postgres.public.pgbench_history" system usage: CPU: user: 0.06 s, system: 0.01 s, elapsed: 0.08 s
2018-05-06 13:14:15.662 JST [62201] LOG:  automatic analyze of table "postgres.public.pgbench_tellers" system usage: CPU: user: 0.03 s, system: 0.00 s, elapsed: 0.04 s
2018-05-06 13:14:25.517 JST [62243] LOG:  automatic analyze of table "postgres.public.pgbench_branches" system usage: CPU: user: 0.00 s, system: 0.00 s, elapsed: 0.00 s
2018-05-06 13:14:25.631 JST [62243] LOG:  automatic analyze of table "postgres.public.pgbench_history" system usage: CPU: user: 0.06 s, system: 0.04 s, elapsed: 0.10 s
2018-05-06 13:14:25.684 JST [62243] LOG:  automatic analyze of table "postgres.public.pgbench_tellers" system usage: CPU: user: 0.03 s, system: 0.00 s, elapsed: 0.04 s
2018-05-06 13:14:30.450 JST [62264] LOG:  automatic analyze of table "postgres.public.pgbench_branches" system usage: CPU: user: 0.00 s, system: 0.00 s, elapsed: 0.00 s
2018-05-06 13:14:35.423 JST [62285] LOG:  automatic analyze of table "postgres.public.pgbench_branches" system usage: CPU: user: 0.00 s, system: 0.00 s, elapsed: 0.00 s
2018-05-06 13:14:35.557 JST [62285] LOG:  automatic analyze of table "postgres.public.pgbench_history" system usage: CPU: user: 0.10 s, system: 0.02 s, elapsed: 0.12 s
2018-05-06 13:14:35.611 JST [62285] LOG:  automatic analyze of table "postgres.public.pgbench_tellers" system usage: CPU: user: 0.03 s, system: 0.00 s, elapsed: 0.04 s
2018-05-06 13:14:40.524 JST [62311] LOG:  automatic analyze of table "postgres.public.pgbench_branches" system usage: CPU: user: 0.00 s, system: 0.00 s, elapsed: 0.00 s
2018-05-06 13:14:40.579 JST [62311] LOG:  automatic analyze of table "postgres.public.pgbench_tellers" system usage: CPU: user: 0.01 s, system: 0.02 s, elapsed: 0.04 s
2018-05-06 13:14:45.458 JST [62332] LOG:  automatic analyze of table "postgres.public.pgbench_branches" system usage: CPU: user: 0.00 s, system: 0.00 s, elapsed: 0.00 s
2018-05-06 13:14:45.604 JST [62332] LOG:  automatic analyze of table "postgres.public.pgbench_history" system usage: CPU: user: 0.11 s, system: 0.02 s, elapsed: 0.13 s
2018-05-06 13:14:50.442 JST [62353] LOG:  automatic analyze of table "postgres.public.pgbench_branches" system usage: CPU: user: 0.00 s, system: 0.00 s, elapsed: 0.00 s
2018-05-06 13:14:50.498 JST [62353] LOG:  automatic analyze of table "postgres.public.pgbench_tellers" system usage: CPU: user: 0.04 s, system: 0.00 s, elapsed: 0.04 s
2018-05-06 13:14:55.454 JST [62374] LOG:  automatic analyze of table "postgres.public.pgbench_branches" system usage: CPU: user: 0.00 s, system: 0.00 s, elapsed: 0.00 s
2018-05-06 13:14:55.614 JST [62374] LOG:  automatic analyze of table "postgres.public.pgbench_history" system usage: CPU: user: 0.12 s, system: 0.02 s, elapsed: 0.14 s
2018-05-06 13:15:00.454 JST [62395] LOG:  automatic analyze of table "postgres.public.pgbench_branches" system usage: CPU: user: 0.00 s, system: 0.00 s, elapsed: 0.00 s
2018-05-06 13:15:00.510 JST [62395] LOG:  automatic analyze of table "postgres.public.pgbench_tellers" system usage: CPU: user: 0.03 s, system: 0.00 s, elapsed: 0.04 s
2018-05-06 13:15:05.451 JST [62413] LOG:  automatic analyze of table "postgres.public.pgbench_branches" system usage: CPU: user: 0.00 s, system: 0.00 s, elapsed: 0.00 s
2018-05-06 13:15:05.640 JST [62413] LOG:  automatic analyze of table "postgres.public.pgbench_history" system usage: CPU: user: 0.14 s, system: 0.02 s, elapsed: 0.17 s
2018-05-06 13:15:10.456 JST [62434] LOG:  automatic analyze of table "postgres.public.pgbench_branches" system usage: CPU: user: 0.00 s, system: 0.00 s, elapsed: 0.00 s
2018-05-06 13:15:10.515 JST [62434] LOG:  automatic analyze of table "postgres.public.pgbench_tellers" system usage: CPU: user: 0.04 s, system: 0.00 s, elapsed: 0.04 s
2018-05-06 13:15:15.463 JST [62457] LOG:  automatic analyze of table "postgres.public.pgbench_branches" system usage: CPU: user: 0.00 s, system: 0.00 s, elapsed: 0.00 s
2018-05-06 13:15:20.446 JST [62478] LOG:  automatic analyze of table "postgres.public.pgbench_branches" system usage: CPU: user: 0.00 s, system: 0.00 s, elapsed: 0.00 s
2018-05-06 13:15:20.654 JST [62478] LOG:  automatic analyze of table "postgres.public.pgbench_history" system usage: CPU: user: 0.15 s, system: 0.04 s, elapsed: 0.19 s
2018-05-06 13:15:20.710 JST [62478] LOG:  automatic analyze of table "postgres.public.pgbench_tellers" system usage: CPU: user: 0.04 s, system: 0.00 s, elapsed: 0.04 s
2018-05-06 13:15:25.458 JST [62496] LOG:  automatic analyze of table "postgres.public.pgbench_branches" system usage: CPU: user: 0.00 s, system: 0.00 s, elapsed: 0.00 s
2018-05-06 13:15:30.461 JST [62517] LOG:  automatic analyze of table "postgres.public.pgbench_branches" system usage: CPU: user: 0.00 s, system: 0.00 s, elapsed: 0.00 s
2018-05-06 13:15:30.518 JST [62517] LOG:  automatic analyze of table "postgres.public.pgbench_tellers" system usage: CPU: user: 0.04 s, system: 0.00 s, elapsed: 0.04 s
2018-05-06 13:15:35.518 JST [62538] LOG:  automatic analyze of table "postgres.public.pgbench_branches" system usage: CPU: user: 0.00 s, system: 0.00 s, elapsed: 0.00 s
2018-05-06 13:15:35.747 JST [62538] LOG:  automatic analyze of table "postgres.public.pgbench_history" system usage: CPU: user: 0.17 s, system: 0.04 s, elapsed: 0.21 s
2018-05-06 13:15:35.802 JST [62538] LOG:  automatic analyze of table "postgres.public.pgbench_tellers" system usage: CPU: user: 0.03 s, system: 0.00 s, elapsed: 0.04 s
2018-05-06 13:15:40.456 JST [62567] LOG:  automatic analyze of table "postgres.public.pgbench_branches" system usage: CPU: user: 0.00 s, system: 0.00 s, elapsed: 0.00 s
2018-05-06 13:15:45.458 JST [62588] LOG:  automatic analyze of table "postgres.public.pgbench_branches" system usage: CPU: user: 0.00 s, system: 0.00 s, elapsed: 0.00 s
2018-05-06 13:15:45.515 JST [62588] LOG:  automatic analyze of table "postgres.public.pgbench_tellers" system usage: CPU: user: 0.04 s, system: 0.00 s, elapsed: 0.04 s
2018-05-06 13:15:50.475 JST [62606] LOG:  automatic analyze of table "postgres.public.pgbench_branches" system usage: CPU: user: 0.00 s, system: 0.00 s, elapsed: 0.00 s
2018-05-06 13:15:50.753 JST [62606] LOG:  automatic analyze of table "postgres.public.pgbench_history" system usage: CPU: user: 0.21 s, system: 0.04 s, elapsed: 0.26 s
2018-05-06 13:15:55.492 JST [62627] LOG:  automatic analyze of table "postgres.public.pgbench_branches" system usage: CPU: user: 0.00 s, system: 0.00 s, elapsed: 0.00 s
2018-05-06 13:15:55.550 JST [62627] LOG:  automatic analyze of table "postgres.public.pgbench_tellers" system usage: CPU: user: 0.04 s, system: 0.00 s, elapsed: 0.04 s
2018-05-06 13:16:00.481 JST [62649] LOG:  automatic analyze of table "postgres.public.pgbench_branches" system usage: CPU: user: 0.00 s, system: 0.00 s, elapsed: 0.00 s
2018-05-06 13:16:00.538 JST [62649] LOG:  automatic analyze of table "postgres.public.pgbench_tellers" system usage: CPU: user: 0.04 s, system: 0.00 s, elapsed: 0.04 s
2018-05-06 13:16:05.487 JST [62670] LOG:  automatic analyze of table "postgres.public.pgbench_branches" system usage: CPU: user: 0.00 s, system: 0.00 s, elapsed: 0.00 s
2018-05-06 13:16:05.544 JST [62670] LOG:  automatic analyze of table "postgres.public.pgbench_tellers" system usage: CPU: user: 0.04 s, system: 0.00 s, elapsed: 0.04 s
2018-05-06 13:16:10.496 JST [62688] LOG:  automatic analyze of table "postgres.public.pgbench_branches" system usage: CPU: user: 0.00 s, system: 0.00 s, elapsed: 0.00 s
2018-05-06 13:16:10.794 JST [62688] LOG:  automatic analyze of table "postgres.public.pgbench_history" system usage: CPU: user: 0.22 s, system: 0.06 s, elapsed: 0.28 s
2018-05-06 13:16:15.487 JST [62709] LOG:  automatic analyze of table "postgres.public.pgbench_branches" system usage: CPU: user: 0.00 s, system: 0.00 s, elapsed: 0.00 s
2018-05-06 13:16:15.547 JST [62709] LOG:  automatic analyze of table "postgres.public.pgbench_tellers" system usage: CPU: user: 0.04 s, system: 0.00 s, elapsed: 0.04 s
2018-05-06 13:16:20.505 JST [62730] LOG:  automatic analyze of table "postgres.public.pgbench_branches" system usage: CPU: user: 0.00 s, system: 0.00 s, elapsed: 0.00 s
2018-05-06 13:16:20.567 JST [62730] LOG:  automatic analyze of table "postgres.public.pgbench_tellers" system usage: CPU: user: 0.04 s, system: 0.00 s, elapsed: 0.05 s
2018-05-06 13:16:25.481 JST [62751] LOG:  automatic analyze of table "postgres.public.pgbench_branches" system usage: CPU: user: 0.00 s, system: 0.00 s, elapsed: 0.00 s
2018-05-06 13:16:25.544 JST [62751] LOG:  automatic analyze of table "postgres.public.pgbench_tellers" system usage: CPU: user: 0.04 s, system: 0.00 s, elapsed: 0.05 s
2018-05-06 13:16:30.481 JST [62772] LOG:  automatic analyze of table "postgres.public.pgbench_branches" system usage: CPU: user: 0.00 s, system: 0.00 s, elapsed: 0.00 s
2018-05-06 13:16:30.808 JST [62772] LOG:  automatic analyze of table "postgres.public.pgbench_history" system usage: CPU: user: 0.23 s, system: 0.07 s, elapsed: 0.31 s
2018-05-06 13:16:30.865 JST [62772] LOG:  automatic analyze of table "postgres.public.pgbench_tellers" system usage: CPU: user: 0.04 s, system: 0.00 s, elapsed: 0.04 s
2018-05-06 13:16:35.483 JST [62793] LOG:  automatic analyze of table "postgres.public.pgbench_branches" system usage: CPU: user: 0.00 s, system: 0.00 s, elapsed: 0.00 s
2018-05-06 13:16:40.522 JST [62819] LOG:  automatic analyze of table "postgres.public.pgbench_branches" system usage: CPU: user: 0.00 s, system: 0.00 s, elapsed: 0.00 s
2018-05-06 13:16:40.581 JST [62819] LOG:  automatic analyze of table "postgres.public.pgbench_tellers" system usage: CPU: user: 0.04 s, system: 0.00 s, elapsed: 0.04 s
2018-05-06 13:16:45.498 JST [62840] LOG:  automatic analyze of table "postgres.public.pgbench_branches" system usage: CPU: user: 0.00 s, system: 0.00 s, elapsed: 0.00 s
2018-05-06 13:16:50.499 JST [62861] LOG:  automatic analyze of table "postgres.public.pgbench_branches" system usage: CPU: user: 0.00 s, system: 0.00 s, elapsed: 0.00 s
2018-05-06 13:16:50.889 JST [62861] LOG:  automatic analyze of table "postgres.public.pgbench_history" system usage: CPU: user: 0.28 s, system: 0.08 s, elapsed: 0.37 s
2018-05-06 13:16:50.949 JST [62861] LOG:  automatic analyze of table "postgres.public.pgbench_tellers" system usage: CPU: user: 0.04 s, system: 0.00 s, elapsed: 0.04 s
2018-05-06 13:16:55.544 JST [62883] LOG:  automatic analyze of table "postgres.public.pgbench_branches" system usage: CPU: user: 0.00 s, system: 0.00 s, elapsed: 0.00 s
2018-05-06 13:17:03.729 JST [62916] LOG:  automatic analyze of table "postgres.public.pgbench_branches" system usage: CPU: user: 0.00 s, system: 0.00 s, elapsed: 0.00 s
2018-05-06 13:17:03.788 JST [62916] LOG:  automatic analyze of table "postgres.public.pgbench_tellers" system usage: CPU: user: 0.04 s, system: 0.00 s, elapsed: 0.04 s
2018-05-06 13:17:08.704 JST [62937] LOG:  automatic analyze of table "postgres.public.pgbench_branches" system usage: CPU: user: 0.00 s, system: 0.00 s, elapsed: 0.00 s
2018-05-06 13:17:13.694 JST [62958] LOG:  automatic analyze of table "postgres.public.pgbench_branches" system usage: CPU: user: 0.00 s, system: 0.00 s, elapsed: 0.00 s
2018-05-06 13:17:14.096 JST [62958] LOG:  automatic analyze of table "postgres.public.pgbench_history" system usage: CPU: user: 0.30 s, system: 0.08 s, elapsed: 0.39 s
2018-05-06 13:17:14.152 JST [62958] LOG:  automatic analyze of table "postgres.public.pgbench_tellers" system usage: CPU: user: 0.04 s, system: 0.00 s, elapsed: 0.04 s
2018-05-06 13:17:21.208 JST [62987] LOG:  automatic analyze of table "postgres.public.pgbench_branches" system usage: CPU: user: 0.00 s, system: 0.00 s, elapsed: 0.00 s
2018-05-06 13:17:21.266 JST [62987] LOG:  automatic analyze of table "postgres.public.pgbench_tellers" system usage: CPU: user: 0.04 s, system: 0.00 s, elapsed: 0.04 s
2018-05-06 13:17:26.212 JST [63008] LOG:  automatic analyze of table "postgres.public.pgbench_branches" system usage: CPU: user: 0.00 s, system: 0.00 s, elapsed: 0.00 s
2018-05-06 13:17:31.213 JST [63029] LOG:  automatic analyze of table "postgres.public.pgbench_branches" system usage: CPU: user: 0.00 s, system: 0.00 s, elapsed: 0.00 s
2018-05-06 13:17:31.272 JST [63029] LOG:  automatic analyze of table "postgres.public.pgbench_tellers" system usage: CPU: user: 0.04 s, system: 0.00 s, elapsed: 0.04 s
2018-05-06 13:17:36.213 JST [63050] LOG:  automatic analyze of table "postgres.public.pgbench_branches" system usage: CPU: user: 0.00 s, system: 0.00 s, elapsed: 0.00 s
2018-05-06 13:17:41.312 JST [63079] LOG:  automatic analyze of table "postgres.public.pgbench_branches" system usage: CPU: user: 0.00 s, system: 0.00 s, elapsed: 0.00 s
2018-05-06 13:17:41.719 JST [63079] LOG:  automatic analyze of table "postgres.public.pgbench_history" system usage: CPU: user: 0.30 s, system: 0.08 s, elapsed: 0.39 s
2018-05-06 13:17:41.776 JST [63079] LOG:  automatic analyze of table "postgres.public.pgbench_tellers" system usage: CPU: user: 0.04 s, system: 0.00 s, elapsed: 0.04 s
2018-05-06 13:17:46.326 JST [63097] LOG:  automatic analyze of table "postgres.public.pgbench_branches" system usage: CPU: user: 0.00 s, system: 0.00 s, elapsed: 0.00 s
2018-05-06 13:17:51.424 JST [63118] LOG:  automatic analyze of table "postgres.public.pgbench_branches" system usage: CPU: user: 0.00 s, system: 0.00 s, elapsed: 0.00 s
2018-05-06 13:17:51.486 JST [63118] LOG:  automatic analyze of table "postgres.public.pgbench_tellers" system usage: CPU: user: 0.04 s, system: 0.00 s, elapsed: 0.05 s
2018-05-06 13:17:56.524 JST [63139] LOG:  automatic analyze of table "postgres.public.pgbench_branches" system usage: CPU: user: 0.00 s, system: 0.00 s, elapsed: 0.00 s
2018-05-06 13:17:56.583 JST [63139] LOG:  automatic analyze of table "postgres.public.pgbench_tellers" system usage: CPU: user: 0.03 s, system: 0.00 s, elapsed: 0.04 s
2018-05-06 13:18:01.624 JST [63160] LOG:  automatic analyze of table "postgres.public.pgbench_branches" system usage: CPU: user: 0.00 s, system: 0.00 s, elapsed: 0.00 s
2018-05-06 13:18:01.683 JST [63160] LOG:  automatic analyze of table "postgres.public.pgbench_tellers" system usage: CPU: user: 0.04 s, system: 0.00 s, elapsed: 0.04 s
2018-05-06 13:18:06.626 JST [63181] LOG:  automatic analyze of table "postgres.public.pgbench_branches" system usage: CPU: user: 0.00 s, system: 0.00 s, elapsed: 0.00 s
2018-05-06 13:18:06.684 JST [63181] LOG:  automatic analyze of table "postgres.public.pgbench_tellers" system usage: CPU: user: 0.04 s, system: 0.00 s, elapsed: 0.04 s
2018-05-06 13:18:11.630 JST [63202] LOG:  automatic analyze of table "postgres.public.pgbench_branches" system usage: CPU: user: 0.00 s, system: 0.00 s, elapsed: 0.00 s
2018-05-06 13:18:12.036 JST [63202] LOG:  automatic analyze of table "postgres.public.pgbench_history" system usage: CPU: user: 0.29 s, system: 0.10 s, elapsed: 0.39 s
2018-05-06 13:18:12.094 JST [63202] LOG:  automatic analyze of table "postgres.public.pgbench_tellers" system usage: CPU: user: 0.04 s, system: 0.00 s, elapsed: 0.04 s
2018-05-06 13:18:16.631 JST [63223] LOG:  automatic analyze of table "postgres.public.pgbench_branches" system usage: CPU: user: 0.00 s, system: 0.00 s, elapsed: 0.00 s
2018-05-06 13:18:21.638 JST [63244] LOG:  automatic analyze of table "postgres.public.pgbench_branches" system usage: CPU: user: 0.00 s, system: 0.00 s, elapsed: 0.00 s
2018-05-06 13:18:21.699 JST [63244] LOG:  automatic analyze of table "postgres.public.pgbench_tellers" system usage: CPU: user: 0.04 s, system: 0.00 s, elapsed: 0.05 s
2018-05-06 13:18:31.632 JST [63287] LOG:  automatic analyze of table "postgres.public.pgbench_branches" system usage: CPU: user: 0.00 s, system: 0.00 s, elapsed: 0.00 s
2018-05-06 13:18:31.691 JST [63287] LOG:  automatic analyze of table "postgres.public.pgbench_tellers" system usage: CPU: user: 0.04 s, system: 0.00 s, elapsed: 0.04 s
2018-05-06 13:18:36.634 JST [63308] LOG:  automatic analyze of table "postgres.public.pgbench_branches" system usage: CPU: user: 0.00 s, system: 0.00 s, elapsed: 0.00 s
2018-05-06 13:18:36.692 JST [63308] LOG:  automatic analyze of table "postgres.public.pgbench_tellers" system usage: CPU: user: 0.04 s, system: 0.00 s, elapsed: 0.04 s
2018-05-06 13:18:41.636 JST [63337] LOG:  automatic analyze of table "postgres.public.pgbench_branches" system usage: CPU: user: 0.00 s, system: 0.00 s, elapsed: 0.00 s
2018-05-06 13:18:41.695 JST [63337] LOG:  automatic analyze of table "postgres.public.pgbench_tellers" system usage: CPU: user: 0.04 s, system: 0.00 s, elapsed: 0.04 s
2018-05-06 13:18:46.649 JST [63355] LOG:  automatic analyze of table "postgres.public.pgbench_branches" system usage: CPU: user: 0.00 s, system: 0.00 s, elapsed: 0.00 s
2018-05-06 13:18:47.087 JST [63355] LOG:  automatic analyze of table "postgres.public.pgbench_history" system usage: CPU: user: 0.31 s, system: 0.11 s, elapsed: 0.42 s
2018-05-06 13:18:51.651 JST [63378] LOG:  automatic analyze of table "postgres.public.pgbench_branches" system usage: CPU: user: 0.00 s, system: 0.00 s, elapsed: 0.00 s
2018-05-06 13:18:51.710 JST [63378] LOG:  automatic analyze of table "postgres.public.pgbench_tellers" system usage: CPU: user: 0.04 s, system: 0.00 s, elapsed: 0.04 s
2018-05-06 13:19:01.653 JST [63421] LOG:  automatic analyze of table "postgres.public.pgbench_branches" system usage: CPU: user: 0.00 s, system: 0.00 s, elapsed: 0.00 s
2018-05-06 13:19:01.737 JST [63421] LOG:  automatic analyze of table "postgres.public.pgbench_tellers" system usage: CPU: user: 0.04 s, system: 0.00 s, elapsed: 0.04 s
2018-05-06 13:19:11.647 JST [63464] LOG:  automatic analyze of table "postgres.public.pgbench_branches" system usage: CPU: user: 0.00 s, system: 0.00 s, elapsed: 0.00 s
2018-05-06 13:19:11.744 JST [63464] LOG:  automatic analyze of table "postgres.public.pgbench_tellers" system usage: CPU: user: 0.04 s, system: 0.00 s, elapsed: 0.04 s
2018-05-06 13:19:21.648 JST [63506] LOG:  automatic analyze of table "postgres.public.pgbench_branches" system usage: CPU: user: 0.00 s, system: 0.00 s, elapsed: 0.00 s
2018-05-06 13:19:21.708 JST [63506] LOG:  automatic analyze of table "postgres.public.pgbench_tellers" system usage: CPU: user: 0.04 s, system: 0.00 s, elapsed: 0.04 s
2018-05-06 13:19:31.661 JST [63545] LOG:  automatic analyze of table "postgres.public.pgbench_branches" system usage: CPU: user: 0.00 s, system: 0.00 s, elapsed: 0.00 s
2018-05-06 13:19:32.085 JST [63545] LOG:  automatic analyze of table "postgres.public.pgbench_history" system usage: CPU: user: 0.30 s, system: 0.10 s, elapsed: 0.41 s
2018-05-06 13:19:32.167 JST [63545] LOG:  automatic analyze of table "postgres.public.pgbench_tellers" system usage: CPU: user: 0.04 s, system: 0.00 s, elapsed: 0.04 s
2018-05-06 13:19:41.665 JST [63595] LOG:  automatic analyze of table "postgres.public.pgbench_branches" system usage: CPU: user: 0.00 s, system: 0.00 s, elapsed: 0.00 s
2018-05-06 13:19:41.726 JST [63595] LOG:  automatic analyze of table "postgres.public.pgbench_tellers" system usage: CPU: user: 0.04 s, system: 0.00 s, elapsed: 0.04 s
2018-05-06 13:19:51.669 JST [63637] LOG:  automatic analyze of table "postgres.public.pgbench_branches" system usage: CPU: user: 0.00 s, system: 0.00 s, elapsed: 0.00 s
2018-05-06 13:19:51.728 JST [63637] LOG:  automatic analyze of table "postgres.public.pgbench_tellers" system usage: CPU: user: 0.04 s, system: 0.00 s, elapsed: 0.04 s
2018-05-06 13:20:01.664 JST [63685] LOG:  automatic analyze of table "postgres.public.pgbench_branches" system usage: CPU: user: 0.00 s, system: 0.00 s, elapsed: 0.00 s
2018-05-06 13:20:01.722 JST [63685] LOG:  automatic analyze of table "postgres.public.pgbench_tellers" system usage: CPU: user: 0.04 s, system: 0.00 s, elapsed: 0.04 s
2018-05-06 13:20:11.669 JST [63728] LOG:  automatic analyze of table "postgres.public.pgbench_branches" system usage: CPU: user: 0.00 s, system: 0.00 s, elapsed: 0.00 s
2018-05-06 13:20:11.729 JST [63728] LOG:  automatic analyze of table "postgres.public.pgbench_tellers" system usage: CPU: user: 0.04 s, system: 0.00 s, elapsed: 0.04 s
2018-05-06 13:20:21.683 JST [63767] LOG:  automatic analyze of table "postgres.public.pgbench_branches" system usage: CPU: user: 0.00 s, system: 0.00 s, elapsed: 0.00 s
2018-05-06 13:20:22.180 JST [63767] LOG:  automatic analyze of table "postgres.public.pgbench_history" system usage: CPU: user: 0.35 s, system: 0.10 s, elapsed: 0.46 s
2018-05-06 13:20:22.239 JST [63767] LOG:  automatic analyze of table "postgres.public.pgbench_tellers" system usage: CPU: user: 0.04 s, system: 0.00 s, elapsed: 0.04 s
2018-05-06 13:20:31.687 JST [63809] LOG:  automatic analyze of table "postgres.public.pgbench_branches" system usage: CPU: user: 0.00 s, system: 0.00 s, elapsed: 0.00 s
2018-05-06 13:20:31.747 JST [63809] LOG:  automatic analyze of table "postgres.public.pgbench_tellers" system usage: CPU: user: 0.04 s, system: 0.00 s, elapsed: 0.04 s
2018-05-06 13:20:40.307 JST [62097] PANIC:  could not write to file "pg_wal/xlogtemp.62097": No space left on device
2018-05-06 13:20:40.307 JST [62097] STATEMENT:  END;
2018-05-06 13:20:41.049 JST [62058] LOG:  could not open temporary statistics file "pg_stat_tmp/global.tmp": No space left on device
2018-05-06 13:20:41.057 JST [62058] LOG:  could not open temporary statistics file "pg_stat_tmp/global.tmp": No space left on device
2018-05-06 13:20:41.059 JST [62058] LOG:  could not open temporary statistics file "pg_stat_tmp/global.tmp": No space left on device
2018-05-06 13:20:41.092 JST [62058] LOG:  could not open temporary statistics file "pg_stat_tmp/global.tmp": No space left on device
2018-05-06 13:20:41.093 JST [62058] LOG:  could not open temporary statistics file "pg_stat_tmp/global.tmp": No space left on device
2018-05-06 13:20:41.109 JST [62051] LOG:  server process (PID 62097) was terminated by signal 6: Aborted
2018-05-06 13:20:41.109 JST [62051] DETAIL:  Failed process was running: END;
2018-05-06 13:20:41.109 JST [62051] LOG:  terminating any other active server processes
2018-05-06 13:20:41.110 JST [62094] WARNING:  terminating connection because of crash of another server process
2018-05-06 13:20:41.110 JST [62094] DETAIL:  The postmaster has commanded this server process to roll back the current transaction and exit, because another server process exited abnormally and possibly corrupted shared memory.
2018-05-06 13:20:41.110 JST [62094] HINT:  In a moment you should be able to reconnect to the database and repeat your command.
2018-05-06 13:20:41.110 JST [63858] WARNING:  terminating connection because of crash of another server process
2018-05-06 13:20:41.110 JST [63858] DETAIL:  The postmaster has commanded this server process to roll back the current transaction and exit, because another server process exited abnormally and possibly corrupted shared memory.
20