2018-05-05 17:06:46.718 JST [100756] LOG:  received fast shutdown request
2018-05-05 17:06:46.719 JST [100756] LOG:  aborting any active transactions
2018-05-05 17:06:46.720 JST [100756] LOG:  background worker "logical replication launcher" (PID 100766) exited with exit code 1
2018-05-05 17:06:46.720 JST [100761] LOG:  shutting down
2018-05-05 17:06:46.720 JST [100761] LOG:  checkpoint starting: shutdown immediate
2018-05-05 17:06:46.825 JST [100761] LOG:  checkpoint complete: wrote 0 buffers (0.0%); 0 WAL file(s) added, 0 removed, 0 recycled; write=0.102 s, sync=0.000 s, total=0.105 s; sync files=0, longest=0.000 s, average=0.000 s; distance=0 kB, estimate=0 kB
2018-05-05 17:06:47.036 JST [100756] LOG:  database system is shut down
2018-05-05 17:06:47.961 JST [100821] LOG:  database system was shut down at 2018-05-05 17:06:46 JST
2018-05-05 17:06:48.017 JST [100810] LOG:  database system is ready to accept connections
2018-05-05 17:07:08.078 JST [100950] LOG:  automatic analyze of table "postgres.public.pgbench_branches" system usage: CPU: user: 0.00 s, system: 0.00 s, elapsed: 0.00 s
2018-05-05 17:07:08.179 JST [100950] LOG:  automatic analyze of table "postgres.public.pgbench_history" system usage: CPU: user: 0.08 s, system: 0.00 s, elapsed: 0.09 s
2018-05-05 17:07:08.234 JST [100950] LOG:  automatic analyze of table "postgres.public.pgbench_tellers" system usage: CPU: user: 0.04 s, system: 0.00 s, elapsed: 0.04 s
2018-05-05 17:07:25.585 JST [101022] LOG:  automatic analyze of table "postgres.public.pgbench_branches" system usage: CPU: user: 0.00 s, system: 0.00 s, elapsed: 0.00 s
2018-05-05 17:07:25.692 JST [101022] LOG:  automatic analyze of table "postgres.public.pgbench_history" system usage: CPU: user: 0.08 s, system: 0.01 s, elapsed: 0.09 s
2018-05-05 17:07:25.749 JST [101022] LOG:  automatic analyze of table "postgres.public.pgbench_tellers" system usage: CPU: user: 0.04 s, system: 0.00 s, elapsed: 0.04 s
2018-05-05 17:07:30.587 JST [101043] LOG:  automatic analyze of table "postgres.public.pgbench_branches" system usage: CPU: user: 0.00 s, system: 0.00 s, elapsed: 0.00 s
2018-05-05 17:07:35.592 JST [101064] LOG:  automatic analyze of table "postgres.public.pgbench_branches" system usage: CPU: user: 0.00 s, system: 0.00 s, elapsed: 0.00 s
2018-05-05 17:07:35.717 JST [101064] LOG:  automatic analyze of table "postgres.public.pgbench_history" system usage: CPU: user: 0.09 s, system: 0.01 s, elapsed: 0.11 s
2018-05-05 17:07:35.771 JST [101064] LOG:  automatic analyze of table "postgres.public.pgbench_tellers" system usage: CPU: user: 0.03 s, system: 0.00 s, elapsed: 0.04 s
2018-05-05 17:07:40.618 JST [101085] LOG:  automatic analyze of table "postgres.public.pgbench_branches" system usage: CPU: user: 0.00 s, system: 0.00 s, elapsed: 0.00 s
2018-05-05 17:07:45.590 JST [101106] LOG:  automatic analyze of table "postgres.public.pgbench_branches" system usage: CPU: user: 0.00 s, system: 0.00 s, elapsed: 0.00 s
2018-05-05 17:07:45.727 JST [101106] LOG:  automatic analyze of table "postgres.public.pgbench_history" system usage: CPU: user: 0.10 s, system: 0.02 s, elapsed: 0.12 s
2018-05-05 17:07:45.782 JST [101106] LOG:  automatic analyze of table "postgres.public.pgbench_tellers" system usage: CPU: user: 0.04 s, system: 0.00 s, elapsed: 0.04 s
2018-05-05 17:07:50.715 JST [101135] LOG:  automatic analyze of table "postgres.public.pgbench_branches" system usage: CPU: user: 0.00 s, system: 0.00 s, elapsed: 0.00 s
2018-05-05 17:07:55.585 JST [101155] LOG:  automatic analyze of table "postgres.public.pgbench_branches" system usage: CPU: user: 0.00 s, system: 0.00 s, elapsed: 0.00 s
2018-05-05 17:07:55.750 JST [101155] LOG:  automatic analyze of table "postgres.public.pgbench_history" system usage: CPU: user: 0.12 s, system: 0.02 s, elapsed: 0.15 s
2018-05-05 17:07:55.810 JST [101155] LOG:  automatic analyze of table "postgres.public.pgbench_tellers" system usage: CPU: user: 0.04 s, system: 0.00 s, elapsed: 0.04 s
2018-05-05 17:08:00.648 JST [101174] LOG:  automatic analyze of table "postgres.public.pgbench_branches" system usage: CPU: user: 0.00 s, system: 0.00 s, elapsed: 0.00 s
2018-05-05 17:08:05.630 JST [101195] LOG:  automatic analyze of table "postgres.public.pgbench_branches" system usage: CPU: user: 0.00 s, system: 0.00 s, elapsed: 0.00 s
2018-05-05 17:08:05.795 JST [101195] LOG:  automatic analyze of table "postgres.public.pgbench_history" system usage: CPU: user: 0.12 s, system: 0.03 s, elapsed: 0.15 s
2018-05-05 17:08:05.851 JST [101195] LOG:  automatic analyze of table "postgres.public.pgbench_tellers" system usage: CPU: user: 0.03 s, system: 0.00 s, elapsed: 0.04 s
2018-05-05 17:08:10.603 JST [101216] LOG:  automatic analyze of table "postgres.public.pgbench_branches" system usage: CPU: user: 0.00 s, system: 0.00 s, elapsed: 0.00 s
2018-05-05 17:08:15.604 JST [101237] LOG:  automatic analyze of table "postgres.public.pgbench_branches" system usage: CPU: user: 0.00 s, system: 0.00 s, elapsed: 0.00 s
2018-05-05 17:08:15.661 JST [101237] LOG:  automatic analyze of table "postgres.public.pgbench_tellers" system usage: CPU: user: 0.04 s, system: 0.00 s, elapsed: 0.04 s
2018-05-05 17:08:20.622 JST [101258] LOG:  automatic analyze of table "postgres.public.pgbench_branches" system usage: CPU: user: 0.00 s, system: 0.00 s, elapsed: 0.00 s
2018-05-05 17:08:20.823 JST [101258] LOG:  automatic analyze of table "postgres.public.pgbench_history" system usage: CPU: user: 0.14 s, system: 0.04 s, elapsed: 0.19 s
2018-05-05 17:08:20.881 JST [101258] LOG:  automatic analyze of table "postgres.public.pgbench_tellers" system usage: CPU: user: 0.04 s, system: 0.00 s, elapsed: 0.04 s
2018-05-05 17:08:25.626 JST [101279] LOG:  automatic analyze of table "postgres.public.pgbench_branches" system usage: CPU: user: 0.00 s, system: 0.00 s, elapsed: 0.00 s
2018-05-05 17:08:25.684 JST [101279] LOG:  automatic analyze of table "postgres.public.pgbench_tellers" system usage: CPU: user: 0.04 s, system: 0.00 s, elapsed: 0.04 s
2018-05-05 17:08:30.641 JST [101297] LOG:  automatic analyze of table "postgres.public.pgbench_branches" system usage: CPU: user: 0.00 s, system: 0.00 s, elapsed: 0.00 s
2018-05-05 17:08:35.624 JST [101318] LOG:  automatic analyze of table "postgres.public.pgbench_branches" system usage: CPU: user: 0.00 s, system: 0.00 s, elapsed: 0.00 s
2018-05-05 17:08:35.842 JST [101318] LOG:  automatic analyze of table "postgres.public.pgbench_history" system usage: CPU: user: 0.16 s, system: 0.04 s, elapsed: 0.20 s
2018-05-05 17:08:35.899 JST [101318] LOG:  automatic analyze of table "postgres.public.pgbench_tellers" system usage: CPU: user: 0.04 s, system: 0.00 s, elapsed: 0.04 s
2018-05-05 17:08:40.676 JST [101339] LOG:  automatic analyze of table "postgres.public.pgbench_branches" system usage: CPU: user: 0.00 s, system: 0.00 s, elapsed: 0.00 s
2018-05-05 17:08:45.618 JST [101360] LOG:  automatic analyze of table "postgres.public.pgbench_branches" system usage: CPU: user: 0.00 s, system: 0.00 s, elapsed: 0.00 s
2018-05-05 17:08:45.678 JST [101360] LOG:  automatic analyze of table "postgres.public.pgbench_tellers" system usage: CPU: user: 0.04 s, system: 0.00 s, elapsed: 0.04 s
2018-05-05 17:08:50.624 JST [101389] LOG:  automatic analyze of table "postgres.public.pgbench_branches" system usage: CPU: user: 0.00 s, system: 0.00 s, elapsed: 0.00 s
2018-05-05 17:08:50.886 JST [101389] LOG:  automatic analyze of table "postgres.public.pgbench_history" system usage: CPU: user: 0.19 s, system: 0.05 s, elapsed: 0.25 s
2018-05-05 17:08:55.623 JST [101410] LOG:  automatic analyze of table "postgres.public.pgbench_branches" system usage: CPU: user: 0.00 s, system: 0.00 s, elapsed: 0.00 s
2018-05-05 17:08:55.682 JST [101410] LOG:  automatic analyze of table "postgres.public.pgbench_tellers" system usage: CPU: user: 0.04 s, system: 0.00 s, elapsed: 0.04 s
2018-05-05 17:09:00.642 JST [101428] LOG:  automatic analyze of table "postgres.public.pgbench_branches" system usage: CPU: user: 0.00 s, system: 0.00 s, elapsed: 0.00 s
2018-05-05 17:09:05.637 JST [101449] LOG:  automatic analyze of table "postgres.public.pgbench_branches" system usage: CPU: user: 0.00 s, system: 0.00 s, elapsed: 0.00 s
2018-05-05 17:09:05.914 JST [101449] LOG:  automatic analyze of table "postgres.public.pgbench_history" system usage: CPU: user: 0.20 s, system: 0.05 s, elapsed: 0.26 s
2018-05-05 17:09:05.974 JST [101449] LOG:  automatic analyze of table "postgres.public.pgbench_tellers" system usage: CPU: user: 0.04 s, system: 0.00 s, elapsed: 0.04 s
2018-05-05 17:09:10.736 JST [101470] LOG:  automatic analyze of table "postgres.public.pgbench_branches" system usage: CPU: user: 0.00 s, system: 0.00 s, elapsed: 0.00 s
2018-05-05 17:09:15.852 JST [101491] LOG:  automatic analyze of table "postgres.public.pgbench_branches" system usage: CPU: user: 0.00 s, system: 0.00 s, elapsed: 0.00 s
2018-05-05 17:09:15.912 JST [101491] LOG:  automatic analyze of table "postgres.public.pgbench_tellers" system usage: CPU: user: 0.02 s, system: 0.02 s, elapsed: 0.04 s
2018-05-05 17:09:20.829 JST [101512] LOG:  automatic analyze of table "postgres.public.pgbench_branches" system usage: CPU: user: 0.00 s, system: 0.00 s, elapsed: 0.00 s
2018-05-05 17:09:25.864 JST [101530] LOG:  automatic analyze of table "postgres.public.pgbench_branches" system usage: CPU: user: 0.00 s, system: 0.00 s, elapsed: 0.00 s
2018-05-05 17:09:26.167 JST [101530] LOG:  automatic analyze of table "postgres.public.pgbench_history" system usage: CPU: user: 0.22 s, system: 0.06 s, elapsed: 0.29 s
2018-05-05 17:09:26.225 JST [101530] LOG:  automatic analyze of table "postgres.public.pgbench_tellers" system usage: CPU: user: 0.04 s, system: 0.00 s, elapsed: 0.04 s
2018-05-05 17:09:30.988 JST [101551] LOG:  automatic analyze of table "postgres.public.pgbench_branches" system usage: CPU: user: 0.00 s, system: 0.00 s, elapsed: 0.00 s
2018-05-05 17:09:35.836 JST [101572] LOG:  automatic analyze of table "postgres.public.pgbench_branches" system usage: CPU: user: 0.00 s, system: 0.00 s, elapsed: 0.00 s
2018-05-05 17:09:35.902 JST [101572] LOG:  automatic analyze of table "postgres.public.pgbench_tellers" system usage: CPU: user: 0.04 s, system: 0.00 s, elapsed: 0.05 s
2018-05-05 17:09:40.840 JST [101593] LOG:  automatic analyze of table "postgres.public.pgbench_branches" system usage: CPU: user: 0.00 s, system: 0.00 s, elapsed: 0.00 s
2018-05-05 17:09:40.904 JST [101593] LOG:  automatic analyze of table "postgres.public.pgbench_tellers" system usage: CPU: user: 0.04 s, system: 0.00 s, elapsed: 0.05 s
2018-05-05 17:09:45.841 JST [101614] LOG:  automatic analyze of table "postgres.public.pgbench_branches" system usage: CPU: user: 0.00 s, system: 0.00 s, elapsed: 0.00 s
2018-05-05 17:09:46.209 JST [101614] LOG:  automatic analyze of table "postgres.public.pgbench_history" system usage: CPU: user: 0.26 s, system: 0.08 s, elapsed: 0.35 s
2018-05-05 17:09:50.867 JST [101640] LOG:  automatic analyze of table "postgres.public.pgbench_branches" system usage: CPU: user: 0.00 s, system: 0.00 s, elapsed: 0.00 s
2018-05-05 17:09:50.928 JST [101640] LOG:  automatic analyze of table "postgres.public.pgbench_tellers" system usage: CPU: user: 0.04 s, system: 0.00 s, elapsed: 0.05 s
2018-05-05 17:09:55.854 JST [101661] LOG:  automatic analyze of table "postgres.public.pgbench_branches" system usage: CPU: user: 0.00 s, system: 0.00 s, elapsed: 0.00 s
2018-05-05 17:10:00.858 JST [101682] LOG:  automatic analyze of table "postgres.public.pgbench_branches" system usage: CPU: user: 0.00 s, system: 0.00 s, elapsed: 0.00 s
2018-05-05 17:10:00.923 JST [101682] LOG:  automatic analyze of table "postgres.public.pgbench_tellers" system usage: CPU: user: 0.04 s, system: 0.00 s, elapsed: 0.05 s
2018-05-05 17:10:05.849 JST [101709] LOG:  automatic analyze of table "postgres.public.pgbench_branches" system usage: CPU: user: 0.00 s, system: 0.00 s, elapsed: 0.00 s
2018-05-05 17:10:05.912 JST [101709] LOG:  automatic analyze of table "postgres.public.pgbench_tellers" system usage: CPU: user: 0.04 s, system: 0.00 s, elapsed: 0.05 s
2018-05-05 17:10:10.866 JST [101730] LOG:  automatic analyze of table "postgres.public.pgbench_branches" system usage: CPU: user: 0.00 s, system: 0.00 s, elapsed: 0.00 s
2018-05-05 17:10:11.265 JST [101730] LOG:  automatic analyze of table "postgres.public.pgbench_history" system usage: CPU: user: 0.30 s, system: 0.07 s, elapsed: 0.38 s
2018-05-05 17:10:11.325 JST [101730] LOG:  automatic analyze of table "postgres.public.pgbench_tellers" system usage: CPU: user: 0.04 s, system: 0.00 s, elapsed: 0.04 s
2018-05-05 17:10:20.857 JST [101773] LOG:  automatic analyze of table "postgres.public.pgbench_branches" system usage: CPU: user: 0.00 s, system: 0.00 s, elapsed: 0.00 s
2018-05-05 17:10:20.919 JST [101773] LOG:  automatic analyze of table "postgres.public.pgbench_tellers" system usage: CPU: user: 0.04 s, system: 0.00 s, elapsed: 0.05 s
2018-05-05 17:10:25.857 JST [101794] LOG:  automatic analyze of table "postgres.public.pgbench_branches" system usage: CPU: user: 0.00 s, system: 0.00 s, elapsed: 0.00 s
2018-05-05 17:10:30.870 JST [101812] LOG:  automatic analyze of table "postgres.public.pgbench_branches" system usage: CPU: user: 0.00 s, system: 0.00 s, elapsed: 0.00 s
2018-05-05 17:10:30.930 JST [101812] LOG:  automatic analyze of table "postgres.public.pgbench_tellers" system usage: CPU: user: 0.04 s, system: 0.00 s, elapsed: 0.04 s
2018-05-05 17:10:35.860 JST [101835] LOG:  automatic analyze of table "postgres.public.pgbench_branches" system usage: CPU: user: 0.00 s, system: 0.00 s, elapsed: 0.00 s
2018-05-05 17:10:36.265 JST [101835] LOG:  automatic analyze of table "postgres.public.pgbench_history" system usage: CPU: user: 0.30 s, system: 0.08 s, elapsed: 0.39 s
2018-05-05 17:10:40.908 JST [101856] LOG:  automatic analyze of table "postgres.public.pgbench_tellers" system usage: CPU: user: 0.04 s, system: 0.00 s, elapsed: 0.05 s
2018-05-05 17:10:45.864 JST [101877] LOG:  automatic analyze of table "postgres.public.pgbench_branches" system usage: CPU: user: 0.00 s, system: 0.00 s, elapsed: 0.00 s
2018-05-05 17:10:50.921 JST [101903] LOG:  automatic analyze of table "postgres.public.pgbench_tellers" system usage: CPU: user: 0.04 s, system: 0.00 s, elapsed: 0.05 s
2018-05-05 17:10:55.887 JST [101924] LOG:  automatic analyze of table "postgres.public.pgbench_branches" system usage: CPU: user: 0.00 s, system: 0.00 s, elapsed: 0.00 s
2018-05-05 17:11:00.927 JST [101945] LOG:  automatic analyze of table "postgres.public.pgbench_tellers" system usage: CPU: user: 0.04 s, system: 0.00 s, elapsed: 0.05 s
2018-05-05 17:11:05.875 JST [101966] LOG:  automatic analyze of table "postgres.public.pgbench_branches" system usage: CPU: user: 0.00 s, system: 0.00 s, elapsed: 0.00 s
2018-05-05 17:11:06.324 JST [101966] LOG:  automatic analyze of table "postgres.public.pgbench_history" system usage: CPU: user: 0.31 s, system: 0.11 s, elapsed: 0.43 s
2018-05-05 17:11:06.389 JST [101966] LOG:  automatic analyze of table "postgres.public.pgbench_tellers" system usage: CPU: user: 0.04 s, system: 0.00 s, elapsed: 0.05 s
2018-05-05 17:11:10.877 JST [101987] LOG:  automatic analyze of table "postgres.public.pgbench_branches" system usage: CPU: user: 0.00 s, system: 0.00 s, elapsed: 0.00 s
2018-05-05 17:11:15.887 JST [102005] LOG:  automatic analyze of table "postgres.public.pgbench_branches" system usage: CPU: user: 0.00 s, system: 0.00 s, elapsed: 0.00 s
2018-05-05 17:11:15.949 JST [102005] LOG:  automatic analyze of table "postgres.public.pgbench_tellers" system usage: CPU: user: 0.04 s, system: 0.00 s, elapsed: 0.05 s
2018-05-05 17:11:25.900 JST [102047] LOG:  automatic analyze of table "postgres.public.pgbench_branches" system usage: CPU: user: 0.00 s, system: 0.00 s, elapsed: 0.00 s
2018-05-05 17:11:25.962 JST [102047] LOG:  automatic analyze of table "postgres.public.pgbench_tellers" system usage: CPU: user: 0.04 s, system: 0.00 s, elapsed: 0.05 s
2018-05-05 17:11:35.883 JST [102089] LOG:  automatic analyze of table "postgres.public.pgbench_branches" system usage: CPU: user: 0.00 s, system: 0.00 s, elapsed: 0.00 s
2018-05-05 17:11:35.946 JST [102089] LOG:  automatic analyze of table "postgres.public.pgbench_tellers" system usage: CPU: user: 0.04 s, system: 0.01 s, elapsed: 0.05 s
2018-05-05 17:11:41.423 JST [102110] LOG:  automatic analyze of table "postgres.public.pgbench_history" system usage: CPU: user: 0.31 s, system: 0.11 s, elapsed: 0.43 s
2018-05-05 17:11:45.888 JST [102131] LOG:  automatic analyze of table "postgres.public.pgbench_branches" system usage: CPU: user: 0.00 s, system: 0.00 s, elapsed: 0.00 s
2018-05-05 17:11:45.951 JST [102131] LOG:  automatic analyze of table "postgres.public.pgbench_tellers" system usage: CPU: user: 0.05 s, system: 0.00 s, elapsed: 0.05 s
2018-05-05 17:11:50.879 JST [102160] LOG:  automatic analyze of table "postgres.public.pgbench_branches" system usage: CPU: user: 0.00 s, system: 0.00 s, elapsed: 0.00 s
2018-05-05 17:11:55.900 JST [102179] LOG:  automatic analyze of table "postgres.public.pgbench_branches" system usage: CPU: user: 0.00 s, system: 0.00 s, elapsed: 0.00 s
2018-05-05 17:11:55.963 JST [102179] LOG:  automatic analyze of table "postgres.public.pgbench_tellers" system usage: CPU: user: 0.05 s, system: 0.00 s, elapsed: 0.05 s
2018-05-05 17:12:00.901 JST [102200] LOG:  automatic analyze of table "postgres.public.pgbench_branches" system usage: CPU: user: 0.00 s, system: 0.00 s, elapsed: 0.00 s
2018-05-05 17:12:05.904 JST [102221] LOG:  automatic analyze of table "postgres.public.pgbench_branches" system usage: CPU: user: 0.00 s, system: 0.00 s, elapsed: 0.00 s
2018-05-05 17:12:05.968 JST [102221] LOG:  automatic analyze of table "postgres.public.pgbench_tellers" system usage: CPU: user: 0.04 s, system: 0.00 s, elapsed: 0.05 s
2018-05-05 17:12:10.907 JST [102242] LOG:  automatic analyze of table "postgres.public.pgbench_branches" system usage: CPU: user: 0.00 s, system: 0.00 s, elapsed: 0.00 s
2018-05-05 17:12:16.020 JST [102263] LOG:  automatic analyze of table "postgres.public.pgbench_branches" system usage: CPU: user: 0.00 s, system: 0.00 s, elapsed: 0.00 s
2018-05-05 17:12:16.438 JST [102263] LOG:  automatic analyze of table "postgres.public.pgbench_history" system usage: CPU: user: 0.27 s, system: 0.13 s, elapsed: 0.40 s
2018-05-05 17:12:16.500 JST [102263] LOG:  automatic analyze of table "postgres.public.pgbench_tellers" system usage: CPU: user: 0.04 s, system: 0.00 s, elapsed: 0.05 s
2018-05-05 17:12:25.904 JST [102305] LOG:  automatic analyze of table "postgres.public.pgbench_branches" system usage: CPU: user: 0.00 s, system: 0.00 s, elapsed: 0.00 s
2018-05-05 17:12:25.971 JST [102305] LOG:  automatic analyze of table "postgres.public.pgbench_tellers" system usage: CPU: user: 0.04 s, system: 0.00 s, elapsed: 0.05 s
2018-05-05 17:12:35.886 JST [102346] LOG:  automatic analyze of table "postgres.public.pgbench_branches" system usage: CPU: user: 0.00 s, system: 0.00 s, elapsed: 0.00 s
2018-05-05 17:12:35.948 JST [102346] LOG:  automatic analyze of table "postgres.public.pgbench_tellers" system usage: CPU: user: 0.04 s, system: 0.00 s, elapsed: 0.05 s
2018-05-05 17:12:45.922 JST [102386] LOG:  automatic analyze of table "postgres.public.pgbench_branches" system usage: CPU: user: 0.00 s, system: 0.00 s, elapsed: 0.00 s
2018-05-05 17:12:46.013 JST [102386] LOG:  automatic analyze of table "postgres.public.pgbench_tellers" system usage: CPU: user: 0.04 s, system: 0.00 s, elapsed: 0.05 s
2018-05-05 17:12:55.928 JST [102436] LOG:  automatic analyze of table "postgres.public.pgbench_branches" system usage: CPU: user: 0.00 s, system: 0.00 s, elapsed: 0.00 s
2018-05-05 17:12:55.992 JST [102436] LOG:  automatic analyze of table "postgres.public.pgbench_tellers" system usage: CPU: user: 0.04 s, system: 0.00 s, elapsed: 0.05 s
2018-05-05 17:13:05.923 JST [102478] LOG:  automatic analyze of table "postgres.public.pgbench_branches" system usage: CPU: user: 0.00 s, system: 0.00 s, elapsed: 0.00 s
2018-05-05 17:13:06.359 JST [102478] LOG:  automatic analyze of table "postgres.public.pgbench_history" system usage: CPU: user: 0.32 s, system: 0.09 s, elapsed: 0.42 s
2018-05-05 17:13:06.420 JST [102478] LOG:  automatic analyze of table "postgres.public.pgbench_tellers" system usage: CPU: user: 0.04 s, system: 0.00 s, elapsed: 0.05 s
2018-05-05 17:13:15.936 JST [102517] LOG:  automatic analyze of table "postgres.public.pgbench_branches" system usage: CPU: user: 0.00 s, system: 0.00 s, elapsed: 0.00 s
2018-05-05 17:13:16.032 JST [102517] LOG:  automatic analyze of table "postgres.public.pgbench_tellers" system usage: CPU: user: 0.04 s, system: 0.00 s, elapsed: 0.05 s
2018-05-05 17:13:25.941 JST [102559] LOG:  automatic analyze of table "postgres.public.pgbench_branches" system usage: CPU: user: 0.00 s, system: 0.00 s, elapsed: 0.00 s
2018-05-05 17:13:26.004 JST [102559] LOG:  automatic analyze of table "postgres.public.pgbench_tellers" system usage: CPU: user: 0.04 s, system: 0.00 s, elapsed: 0.05 s
2018-05-05 17:13:35.946 JST [102601] LOG:  automatic analyze of table "postgres.public.pgbench_branches" system usage: CPU: user: 0.00 s, system: 0.00 s, elapsed: 0.00 s
2018-05-05 17:13:36.008 JST [102601] LOG:  automatic analyze of table "postgres.public.pgbench_tellers" system usage: CPU: user: 0.04 s, system: 0.00 s, elapsed: 0.05 s
2018-05-05 17:13:45.942 JST [102643] LOG:  automatic analyze of table "postgres.public.pgbench_branches" system usage: CPU: user: 0.00 s, system: 0.00 s, elapsed: 0.00 s
2018-05-05 17:13:46.004 JST [102643] LOG:  automatic analyze of table "postgres.public.pgbench_tellers" system usage: CPU: user: 0.04 s, system: 0.00 s, elapsed: 0.05 s
2018-05-05 17:13:56.044 JST [102693] LOG:  automatic analyze of table "postgres.public.pgbench_branches" system usage: CPU: user: 0.00 s, system: 0.00 s, elapsed: 0.00 s
2018-05-05 17:13:56.494 JST [102693] LOG:  automatic analyze of table "postgres.public.pgbench_history" system usage: CPU: user: 0.32 s, system: 0.11 s, elapsed: 0.43 s
2018-05-05 17:13:56.558 JST [102693] LOG:  automatic analyze of table "postgres.public.pgbench_tellers" system usage: CPU: user: 0.04 s, system: 0.00 s, elapsed: 0.05 s
2018-05-05 17:14:02.894 JST [100861] PANIC:  could not write to file "pg_wal/xlogtemp.100861": No space left on device
2018-05-05 17:14:02.894 JST [100861] STATEMENT:  END;
2018-05-05 17:14:03.855 JST [100826] LOG:  could not open temporary statistics file "pg_stat_tmp/global.tmp": No space left on device
2018-05-05 17:14:03.874 JST [100826] LOG:  could not open temporary statistics file "pg_stat_tmp/global.tmp": No space left on device
2018-05-05 17:14:03.875 JST [100826] LOG:  could not open temporary statistics file "pg_stat_tmp/global.tmp": No space left on device
2018-05-05 17:14:03.908 JST [100826] LOG:  could not open temporary statistics file "pg_stat_tmp/global.tmp": No space left on device
2018-05-05 17:14:03.909 JST [100826] LOG:  could not open temporary statistics file "pg_stat_tmp/global.tmp": No space left on device
2018-05-05 17:14:03.944 JST [100826] LOG:  could not open temporary statistics file "pg_stat_tmp/global.tmp": No space left on device
2018-05-05 17:14:03.945 JST [100826] LOG:  could not open temporary statistics file "pg_stat_tmp/global.tmp": No space left on device
2018-05-05 17:14:03.980 JST [100826] LOG:  could not open temporary statistics file "pg_stat_tmp/global.tmp": No space left on device
2018-05-05 17:14:03.981 JST [100826] LOG:  could not open temporary statistics file "pg_stat_tmp/global.tmp": No space left on device
2018-05-05 17:14:04.016 JST [100826] LOG:  could not open temporary statistics file "pg_stat_tmp/global.tmp": No space left on device
2018-05-05 17:14:04.016 JST [100826] LOG:  could not open temporary statistics file "pg_stat_tmp/global.tmp": No space left on device
2018-05-05 17:14:04.018 JST [100810] LOG:  server process (PID 100861) was terminated by signal 6: Aborted
2018-05-05 17:14:04.018 JST [100810] DETAIL:  Failed process was running: END;
2018-05-05 17:14:04.018 JST [100810] LOG:  terminating any other active server processes
2018-05-05 17:14:04.018 JST [102726] WARNING:  terminating connection because of crash of another server process
2018-05-05 17:14:04.018 JST [102726] DETAIL:  The postmaster has commanded this server process to roll back the current transaction and exit, because another server process exited abnormally and possibly corrupted shared memory.
2018-05-05 17:14:04.0