2018-05-02 17:17:17.657 JST [127056] LOG:  received fast shutdown request
2018-05-02 17:17:17.657 JST [127056] LOG:  aborting any active transactions
2018-05-02 17:17:17.657 JST [127101] FATAL:  terminating autovacuum process due to administrator command
2018-05-02 17:17:17.657 JST [127065] FATAL:  terminating connection due to administrator command
2018-05-02 17:17:17.658 JST [127056] LOG:  background worker "logical replication launcher" (PID 127066) exited with exit code 1
2018-05-02 17:17:17.661 JST [127056] LOG:  background worker "walker" (PID 127065) exited with exit code 1
2018-05-02 17:17:17.668 JST [127060] LOG:  shutting down
2018-05-02 17:17:17.669 JST [127060] LOG:  checkpoint starting: shutdown immediate
2018-05-02 17:17:17.970 JST [127060] LOG:  checkpoint complete: wrote 0 buffers (0.0%); 0 WAL file(s) added, 0 removed, 453 recycled; write=0.110 s, sync=0.000 s, total=0.301 s; sync files=0, longest=0.000 s, average=0.000 s; distance=0 kB, estimate=6683022 kB
2018-05-02 17:17:18.264 JST [127056] LOG:  database system is shut down
2018-05-02 17:17:19.091 JST [128751] LOG:  database system was shut down at 2018-05-02 17:17:17 JST
2018-05-02 17:17:19.093 JST [128748] LOG:  database system is ready to accept connections
2018-05-02 17:17:19.095 JST [128757] LOG:  restored 25079 13285 1663
2018-05-02 17:17:19.098 JST [128757] LOG:  restored 25080 13285 1663
2018-05-02 17:17:19.101 JST [128757] LOG:  restored 25082 13285 1663
2018-05-02 17:17:19.105 JST [128757] LOG:  restored 25081 13285 1663
2018-05-02 17:17:24.150 JST [128848] LOG:  ----- Select higher 20 percent ranges -----
2018-05-02 17:17:24.150 JST [128848] LOG:  1096,1093,1132,1086,1090,1126,1116,1096,1091,1148,1126,1085,1106,1130,1103,1125,1123,1129,1137,1146,1103,1168,1144,1108,1119,1086,1135,1118,1089,1107,1093,1115,1094,1128,1190,1193,1147,1117,1101,1101,1122,1137,1125,1114,1109,1178,1090,1114,1114,1105,1122,1139,1168,1126,1169,1158,1125,1142,1112,1117,1112,1123,1137,1152,1153,1129,1153,1087,1103,1148,1138,1097,1088,1166,1183,1106,1163,1180,1142,1156,1108,1166,1099,1188,1183,1111,1162,1139,1159,1116,1148,1112,1178,1144,1159,1097,1101,1164,1182,1155,1139,1180,1185,1189,1118,1131,1148,1163,1194,1125,1169,1167,1158,1142,1178,1126,1166,1185,1175,1141,1111,1190,1192,1182,1176,1143,1194,1170,1157,1185,1188,1194,1183,1147,1189,1190,1190,1185,1148,1191,1192,1182,1168,1176,1185,1169,1193,1159,1192,1186,1175,1184,1188,1183,1160,1178,1182,1189,1159,1185,1176,1172,1135,1166,1135,1153,1157,1188,1175,1190,1181,1131,1193,1183,1175,1147,1122,1190,1192,1189,1110,1193,1181,1170,1159,1142,1183,1180,1107,1184,1133,1189,1139,1179,1155,1193,1170,1173,1177,1191,1168,1125,1177,1186,1160,1176,1109,1179,1138,1153,1145,1181,1124,1147,1163,1182,1173,1122,1125,1184,1150,1139,1147,1125,1164,1141,1170,1159,1146,1160,1166,1113,1177,1166,1165,1145,1107,1158,1159,1131,1168,1112,1171,1141,1142,1171,1189,1124,1116,1137,1134,1138,1168,1100,1157,1136,1118,1104,1164,1149,1140,1146,1119,1119,1138,1154,1117,1154,1139,1090,1098,1159,1170,1113,1090,1106,1125,1193,1104,1110,1100,1110,1105,1112,1111,1137,1129,1119,1125,1120,1146,1108,1110,1097,1089,1132,1097,1098,1117,1092,1088,1130,1105,1146,1120,1124,1121,1088,1094,1085,1120,1087
2018-05-02 17:17:24.150 JST [128848] LOG:  ---------- CHOOSE 312 ranges-----------------
2018-05-02 17:17:24.151 JST [128848] LOG:  starting vacuum "pgbench_accounts"
