2018-05-07 12:00:29.623 JST [20747] LOG:  received fast shutdown request
2018-05-07 12:00:29.623 JST [20747] LOG:  aborting any active transactions
2018-05-07 12:00:29.624 JST [20747] LOG:  background worker "logical replication launcher" (PID 20756) exited with exit code 1
2018-05-07 12:00:29.624 JST [20751] LOG:  shutting down
2018-05-07 12:00:29.624 JST [20751] LOG:  checkpoint starting: shutdown immediate
2018-05-07 12:00:29.736 JST [20751] LOG:  checkpoint complete: wrote 0 buffers (0.0%); 0 WAL file(s) added, 0 removed, 0 recycled; write=0.109 s, sync=0.000 s, total=0.111 s; sync files=0, longest=0.000 s, average=0.000 s; distance=0 kB, estimate=0 kB
2018-05-07 12:00:29.986 JST [20747] LOG:  database system is shut down
2018-05-07 12:00:30.721 JST [20813] LOG:  database system was shut down at 2018-05-07 12:00:29 JST
2018-05-07 12:00:30.723 JST [20810] LOG:  database system is ready to accept connections
2018-05-07 12:00:45.809 JST [20933] LOG:  automatic analyze of table "postgres.public.pgbench_branches" system usage: CPU: user: 0.00 s, system: 0.00 s, elapsed: 0.03 s
2018-05-07 12:00:46.115 JST [20933] LOG:  automatic analyze of table "postgres.public.pgbench_history" system usage: CPU: user: 0.06 s, system: 0.00 s, elapsed: 0.15 s
2018-05-07 12:00:46.407 JST [20933] LOG:  automatic analyze of table "postgres.public.pgbench_tellers" system usage: CPU: user: 0.03 s, system: 0.00 s, elapsed: 0.07 s
2018-05-07 12:01:05.803 JST [21036] LOG:  automatic analyze of table "postgres.public.pgbench_branches" system usage: CPU: user: 0.00 s, system: 0.00 s, elapsed: 0.03 s
2018-05-07 12:01:06.086 JST [21036] LOG:  automatic analyze of table "postgres.public.pgbench_history" system usage: CPU: user: 0.07 s, system: 0.01 s, elapsed: 0.27 s
2018-05-07 12:01:06.222 JST [21036] LOG:  automatic analyze of table "postgres.public.pgbench_tellers" system usage: CPU: user: 0.03 s, system: 0.00 s, elapsed: 0.12 s
2018-05-07 12:01:10.800 JST [21057] LOG:  automatic analyze of table "postgres.public.pgbench_branches" system usage: CPU: user: 0.00 s, system: 0.00 s, elapsed: 0.02 s
2018-05-07 12:01:15.801 JST [21078] LOG:  automatic analyze of table "postgres.public.pgbench_branches" system usage: CPU: user: 0.00 s, system: 0.00 s, elapsed: 0.02 s
2018-05-07 12:01:16.245 JST [21078] LOG:  automatic analyze of table "postgres.public.pgbench_history" system usage: CPU: user: 0.09 s, system: 0.01 s, elapsed: 0.43 s
2018-05-07 12:01:16.381 JST [21078] LOG:  automatic analyze of table "postgres.public.pgbench_tellers" system usage: CPU: user: 0.04 s, system: 0.00 s, elapsed: 0.12 s
2018-05-07 12:01:20.815 JST [21096] LOG:  automatic analyze of table "postgres.public.pgbench_branches" system usage: CPU: user: 0.00 s, system: 0.00 s, elapsed: 0.02 s
2018-05-07 12:01:25.817 JST [21117] LOG:  automatic analyze of table "postgres.public.pgbench_branches" system usage: CPU: user: 0.00 s, system: 0.00 s, elapsed: 0.02 s
2018-05-07 12:01:26.423 JST [21117] LOG:  automatic analyze of table "postgres.public.pgbench_history" system usage: CPU: user: 0.11 s, system: 0.01 s, elapsed: 0.59 s
2018-05-07 12:01:26.560 JST [21117] LOG:  automatic analyze of table "postgres.public.pgbench_tellers" system usage: CPU: user: 0.04 s, system: 0.00 s, elapsed: 0.12 s
2018-05-07 12:01:30.821 JST [21138] LOG:  automatic analyze of table "postgres.public.pgbench_branches" system usage: CPU: user: 0.00 s, system: 0.00 s, elapsed: 0.02 s
2018-05-07 12:01:35.821 JST [21164] LOG:  automatic analyze of table "postgres.public.pgbench_branches" system usage: CPU: user: 0.00 s, system: 0.00 s, elapsed: 0.02 s
2018-05-07 12:01:36.588 JST [21164] LOG:  automatic analyze of table "postgres.public.pgbench_history" system usage: CPU: user: 0.12 s, system: 0.02 s, elapsed: 0.75 s
2018-05-07 12:01:36.727 JST [21164] LOG:  automatic analyze of table "postgres.public.pgbench_tellers" system usage: CPU: user: 0.04 s, system: 0.00 s, elapsed: 0.12 s
2018-05-07 12:01:40.921 JST [21188] LOG:  automatic analyze of table "postgres.public.pgbench_branches" system usage: CPU: user: 0.00 s, system: 0.00 s, elapsed: 0.02 s
2018-05-07 12:01:45.932 JST [21209] LOG:  automatic analyze of table "postgres.public.pgbench_branches" system usage: CPU: user: 0.00 s, system: 0.00 s, elapsed: 0.02 s
2018-05-07 12:01:46.845 JST [21209] LOG:  automatic analyze of table "postgres.public.pgbench_history" system usage: CPU: user: 0.12 s, system: 0.03 s, elapsed: 0.90 s
2018-05-07 12:01:46.985 JST [21209] LOG:  automatic analyze of table "postgres.public.pgbench_tellers" system usage: CPU: user: 0.04 s, system: 0.00 s, elapsed: 0.12 s
2018-05-07 12:01:50.915 JST [21230] LOG:  automatic analyze of table "postgres.public.pgbench_branches" system usage: CPU: user: 0.00 s, system: 0.00 s, elapsed: 0.02 s
2018-05-07 12:01:56.015 JST [21251] LOG:  automatic analyze of table "postgres.public.pgbench_branches" system usage: CPU: user: 0.00 s, system: 0.00 s, elapsed: 0.02 s
2018-05-07 12:01:56.158 JST [21251] LOG:  automatic analyze of table "postgres.public.pgbench_tellers" system usage: CPU: user: 0.04 s, system: 0.00 s, elapsed: 0.13 s
2018-05-07 12:02:01.018 JST [21272] LOG:  automatic analyze of table "postgres.public.pgbench_branches" system usage: CPU: user: 0.00 s, system: 0.00 s, elapsed: 0.02 s
2018-05-07 12:02:02.193 JST [21272] LOG:  automatic analyze of table "postgres.public.pgbench_history" system usage: CPU: user: 0.16 s, system: 0.02 s, elapsed: 1.16 s
2018-05-07 12:02:02.358 JST [21272] LOG:  automatic analyze of table "postgres.public.pgbench_tellers" system usage: CPU: user: 0.04 s, system: 0.00 s, elapsed: 0.15 s
2018-05-07 12:02:06.071 JST [21290] LOG:  automatic analyze of table "postgres.public.pgbench_branches" system usage: CPU: user: 0.00 s, system: 0.00 s, elapsed: 0.05 s
2018-05-07 12:02:11.052 JST [21311] LOG:  automatic analyze of table "postgres.public.pgbench_branches" system usage: CPU: user: 0.00 s, system: 0.00 s, elapsed: 0.05 s
2018-05-07 12:02:11.063 JST [21311] LOG:  starting vacuum on "pgbench_tellers"
2018-05-07 12:02:11.473 JST [21311] LOG:  automatic vacuum of table "postgres.public.pgbench_tellers": index scans: 1
	pages: 0 removed, 998 remain, 0 skipped due to pins, 0 skipped frozen
	tuples: 15249 removed, 81284 remain, 1283 are dead but not yet removable, oldest xmin: 105767321
	buffer usage: 3352 hits, 0 misses, 0 dirtied
	avg read rate: 0.000 MB/s, avg write rate: 0.000 MB/s
	system usage: CPU: user: 0.07 s, system: 0.01 s, elapsed: 0.41 s
2018-05-07 12:02:11.620 JST [21311] LOG:  automatic analyze of table "postgres.public.pgbench_tellers" system usage: CPU: user: 0.04 s, system: 0.00 s, elapsed: 0.14 s
2018-05-07 12:02:16.056 JST [21332] LOG:  automatic analyze of table "postgres.public.pgbench_branches" system usage: CPU: user: 0.01 s, system: 0.00 s, elapsed: 0.05 s
2018-05-07 12:02:17.450 JST [21332] LOG:  automatic analyze of table "postgres.public.pgbench_history" system usage: CPU: user: 0.17 s, system: 0.04 s, elapsed: 1.38 s
2018-05-07 12:02:21.060 JST [21353] LOG:  automatic analyze of table "postgres.public.pgbench_branches" system usage: CPU: user: 0.00 s, system: 0.00 s, elapsed: 0.05 s
2018-05-07 12:02:21.229 JST [21353] LOG:  automatic analyze of table "postgres.public.pgbench_tellers" system usage: CPU: user: 0.05 s, system: 0.00 s, elapsed: 0.15 s
2018-05-07 12:02:26.051 JST [21374] LOG:  automatic analyze of table "postgres.public.pgbench_branches" system usage: CPU: user: 0.00 s, system: 0.00 s, elapsed: 0.05 s
2018-05-07 12:02:26.220 JST [21374] LOG:  automatic analyze of table "postgres.public.pgbench_tellers" system usage: CPU: user: 0.04 s, system: 0.00 s, elapsed: 0.15 s
2018-05-07 12:02:31.053 JST [21395] LOG:  automatic analyze of table "postgres.public.pgbench_branches" system usage: CPU: user: 0.00 s, system: 0.00 s, elapsed: 0.05 s
2018-05-07 12:02:32.687 JST [21395] LOG:  automatic analyze of table "postgres.public.pgbench_history" system usage: CPU: user: 0.19 s, system: 0.05 s, elapsed: 1.62 s
2018-05-07 12:02:36.069 JST [21422] LOG:  automatic analyze of table "postgres.public.pgbench_branches" system usage: CPU: user: 0.00 s, system: 0.00 s, elapsed: 0.05 s
2018-05-07 12:02:36.240 JST [21422] LOG:  automatic analyze of table "postgres.public.pgbench_tellers" system usage: CPU: user: 0.05 s, system: 0.00 s, elapsed: 0.15 s
2018-05-07 12:02:41.078 JST [21443] LOG:  automatic analyze of table "postgres.public.pgbench_branches" system usage: CPU: user: 0.00 s, system: 0.00 s, elapsed: 0.05 s
2018-05-07 12:02:41.251 JST [21443] LOG:  automatic analyze of table "postgres.public.pgbench_tellers" system usage: CPU: user: 0.05 s, system: 0.00 s, elapsed: 0.16 s
2018-05-07 12:02:46.084 JST [21464] LOG:  automatic analyze of table "postgres.public.pgbench_branches" system usage: CPU: user: 0.00 s, system: 0.00 s, elapsed: 0.05 s
2018-05-07 12:02:46.255 JST [21464] LOG:  automatic analyze of table "postgres.public.pgbench_tellers" system usage: CPU: user: 0.05 s, system: 0.00 s, elapsed: 0.15 s
2018-05-07 12:02:51.089 JST [21485] LOG:  automatic analyze of table "postgres.public.pgbench_branches" system usage: CPU: user: 0.00 s, system: 0.00 s, elapsed: 0.05 s
2018-05-07 12:02:53.055 JST [21485] LOG:  automatic analyze of table "postgres.public.pgbench_history" system usage: CPU: user: 0.22 s, system: 0.05 s, elapsed: 1.95 s
2018-05-07 12:02:56.115 JST [21506] LOG:  automatic analyze of table "postgres.public.pgbench_branches" system usage: CPU: user: 0.00 s, system: 0.00 s, elapsed: 0.07 s
2018-05-07 12:02:56.286 JST [21506] LOG:  automatic analyze of table "postgres.public.pgbench_tellers" system usage: CPU: user: 0.05 s, system: 0.00 s, elapsed: 0.16 s
2018-05-07 12:03:01.124 JST [21527] LOG:  automatic analyze of table "postgres.public.pgbench_branches" system usage: CPU: user: 0.01 s, system: 0.00 s, elapsed: 0.07 s
2018-05-07 12:03:01.294 JST [21527] LOG:  automatic analyze of table "postgres.public.pgbench_tellers" system usage: CPU: user: 0.04 s, system: 0.00 s, elapsed: 0.15 s
2018-05-07 12:03:06.117 JST [21549] LOG:  automatic analyze of table "postgres.public.pgbench_branches" system usage: CPU: user: 0.00 s, system: 0.00 s, elapsed: 0.07 s
2018-05-07 12:03:11.120 JST [21570] LOG:  automatic analyze of table "postgres.public.pgbench_branches" system usage: CPU: user: 0.01 s, system: 0.00 s, elapsed: 0.07 s
2018-05-07 12:03:13.430 JST [21570] LOG:  automatic analyze of table "postgres.public.pgbench_history" system usage: CPU: user: 0.26 s, system: 0.07 s, elapsed: 2.29 s
2018-05-07 12:03:13.599 JST [21570] LOG:  automatic analyze of table "postgres.public.pgbench_tellers" system usage: CPU: user: 0.05 s, system: 0.00 s, elapsed: 0.15 s
2018-05-07 12:03:16.150 JST [21591] LOG:  automatic analyze of table "postgres.public.pgbench_branches" system usage: CPU: user: 0.01 s, system: 0.00 s, elapsed: 0.07 s
2018-05-07 12:03:21.138 JST [21609] LOG:  automatic analyze of table "postgres.public.pgbench_branches" system usage: CPU: user: 0.01 s, system: 0.00 s, elapsed: 0.07 s
2018-05-07 12:03:21.310 JST [21609] LOG:  automatic analyze of table "postgres.public.pgbench_tellers" system usage: CPU: user: 0.05 s, system: 0.00 s, elapsed: 0.16 s
2018-05-07 12:03:31.146 JST [21651] LOG:  automatic analyze of table "postgres.public.pgbench_branches" system usage: CPU: user: 0.01 s, system: 0.00 s, elapsed: 0.07 s
2018-05-07 12:03:31.320 JST [21651] LOG:  automatic analyze of table "postgres.public.pgbench_tellers" system usage: CPU: user: 0.05 s, system: 0.00 s, elapsed: 0.16 s
2018-05-07 12:03:38.772 JST [21680] LOG:  automatic analyze of table "postgres.public.pgbench_history" system usage: CPU: user: 0.29 s, system: 0.08 s, elapsed: 2.69 s
2018-05-07 12:03:41.075 JST [21701] LOG:  starting vacuum on "pgbench_branches"
2018-05-07 12:03:41.306 JST [21701] LOG:  automatic vacuum of table "postgres.public.pgbench_branches": index scans: 1
	pages: 0 removed, 650 remain, 0 skipped due to pins, 0 skipped frozen
	tuples: 37634 removed, 9083 remain, 1083 are dead but not yet removable, oldest xmin: 107759506
	buffer usage: 2043 hits, 0 misses, 1 dirtied
	avg read rate: 0.000 MB/s, avg write rate: 0.034 MB/s
	system usage: CPU: user: 0.01 s, system: 0.01 s, elapsed: 0.23 s
2018-05-07 12:03:41.396 JST [21701] LOG:  automatic analyze of table "postgres.public.pgbench_branches" system usage: CPU: user: 0.00 s, system: 0.00 s, elapsed: 0.08 s
2018-05-07 12:03:41.575 JST [21701] LOG:  automatic analyze of table "postgres.public.pgbench_tellers" system usage: CPU: user: 0.05 s, system: 0.00 s, elapsed: 0.16 s
2018-05-07 12:03:46.143 JST [21722] LOG:  automatic analyze of table "postgres.public.pgbench_branches" system usage: CPU: user: 0.01 s, system: 0.00 s, elapsed: 0.07 s
2018-05-07 12:03:51.146 JST [21743] LOG:  automatic analyze of table "postgres.public.pgbench_branches" system usage: CPU: user: 0.01 s, system: 0.00 s, elapsed: 0.07 s
2018-05-07 12:03:51.322 JST [21743] LOG:  automatic analyze of table "postgres.public.pgbench_tellers" system usage: CPU: user: 0.05 s, system: 0.00 s, elapsed: 0.16 s
2018-05-07 12:03:56.150 JST [21764] LOG:  automatic analyze of table "postgres.public.pgbench_branches" system usage: CPU: user: 0.01 s, system: 0.00 s, elapsed: 0.07 s
2018-05-07 12:04:04.199 JST [21785] LOG:  automatic analyze of table "postgres.public.pgbench_history" system usage: CPU: user: 0.32 s, system: 0.10 s, elapsed: 3.11 s
2018-05-07 12:04:04.367 JST [21785] LOG:  automatic analyze of table "postgres.public.pgbench_tellers" system usage: CPU: user: 0.05 s, system: 0.00 s, elapsed: 0.15 s
2018-05-07 12:04:06.161 JST [21806] LOG:  automatic analyze of table "postgres.public.pgbench_branches" system usage: CPU: user: 0.00 s, system: 0.00 s, elapsed: 0.07 s
2018-05-07 12:04:11.176 JST [21824] LOG:  automatic analyze of table "postgres.public.pgbench_branches" system usage: CPU: user: 0.00 s, system: 0.00 s, elapsed: 0.07 s
2018-05-07 12:04:11.349 JST [21824] LOG:  automatic analyze of table "postgres.public.pgbench_tellers" system usage: CPU: user: 0.05 s, system: 0.00 s, elapsed: 0.16 s
2018-05-07 12:04:16.178 JST [21845] LOG:  automatic analyze of table "postgres.public.pgbench_branches" system usage: CPU: user: 0.01 s, system: 0.00 s, elapsed: 0.07 s
2018-05-07 12:04:16.354 JST [21845] LOG:  automatic analyze of table "postgres.public.pgbench_tellers" system usage: CPU: user: 0.05 s, system: 0.00 s, elapsed: 0.16 s
2018-05-07 12:04:21.181 JST [21866] LOG:  automatic analyze of table "postgres.public.pgbench_branches" system usage: CPU: user: 0.00 s, system: 0.00 s, elapsed: 0.07 s
2018-05-07 12:04:26.182 JST [21887] LOG:  automatic analyze of table "postgres.public.pgbench_branches" system usage: CPU: user: 0.01 s, system: 0.00 s, elapsed: 0.07 s
2018-05-07 12:04:26.352 JST [21887] LOG:  automatic analyze of table "postgres.public.pgbench_tellers" system usage: CPU: user: 0.05 s, system: 0.00 s, elapsed: 0.15 s
2018-05-07 12:04:31.186 JST [21909] LOG:  automatic analyze of table "postgres.public.pgbench_branches" system usage: CPU: user: 0.00 s, system: 0.00 s, elapsed: 0.07 s
2018-05-07 12:04:34.669 JST [21909] LOG:  automatic analyze of table "postgres.public.pgbench_history" system usage: CPU: user: 0.34 s, system: 0.11 s, elapsed: 3.47 s
2018-05-07 12:04:34.911 JST [21909] LOG:  automatic analyze of table "postgres.public.pgbench_tellers" system usage: CPU: user: 0.05 s, system: 0.00 s, elapsed: 0.16 s
2018-05-07 12:04:36.177 JST [21938] LOG:  automatic analyze of table "postgres.public.pgbench_branches" system usage: CPU: user: 0.01 s, system: 0.00 s, elapsed: 0.07 s
2018-05-07 12:04:41.179 JST [21959] LOG:  automatic analyze of table "postgres.public.pgbench_branches" system usage: CPU: user: 0.01 s, system: 0.00 s, elapsed: 0.07 s
2018-05-07 12:04:41.347 JST [21959] LOG:  automatic analyze of table "postgres.public.pgbench_tellers" system usage: CPU: user: 0.05 s, system: 0.00 s, elapsed: 0.15 s
2018-05-07 12:04:44.721 JST [20814] LOG:  checkpoint starting: xlog
2018-05-07 12:04:46.191 JST [21977] LOG:  automatic analyze of table "postgres.public.pgbench_branches" system usage: CPU: user: 0.00 s, system: 0.00 s, elapsed: 0.07 s
2018-05-07 12:04:46.358 JST [21977] LOG:  automatic analyze of table "postgres.public.pgbench_tellers" system usage: CPU: user: 0.04 s, system: 0.00 s, elapsed: 0.15 s
2018-05-07 12:04:56.197 JST [22020] LOG:  automatic analyze of table "postgres.public.pgbench_branches" system usage: CPU: user: 0.01 s, system: 0.00 s, elapsed: 0.07 s
2018-05-07 12:04:56.364 JST [22020] LOG:  automatic analyze of table "postgres.public.pgbench_tellers" system usage: CPU: user: 0.05 s, system: 0.00 s, elapsed: 0.15 s
2018-05-07 12:05:06.190 JST [22062] LOG:  automatic analyze of table "postgres.public.pgbench_branches" system usage: CPU: user: 0.00 s, system: 0.00 s, elapsed: 0.07 s
2018-05-07 12:05:06.362 JST [22062] LOG:  automatic analyze of table "postgres.public.pgbench_tellers" system usage: CPU: user: 0.05 s, system: 0.00 s, elapsed: 0.15 s
2018-05-07 12:05:14.597 JST [22084] LOG:  automatic analyze of table "postgres.public.pgbench_history" system usage: CPU: user: 0.33 s, system: 0.10 s, elapsed: 3.47 s
2018-05-07 12:05:16.194 JST [22105] LOG:  automatic analyze of table "postgres.public.pgbench_branches" system usage: CPU: user: 0.01 s, system: 0.00 s, elapsed: 0.07 s
2018-05-07 12:05:16.588 JST [22105] LOG:  automatic analyze of table "postgres.public.pgbench_tellers" system usage: CPU: user: 0.05 s, system: 0.00 s, elapsed: 0.15 s
2018-05-07 12:05:21.124 JST [22126] LOG:  starting vacuum on "pgbench_branches"
2018-05-07 12:05:21.353 JST [22126] LOG:  automatic vacuum of table "postgres.public.pgbench_branches": index scans: 1
	pages: 0 removed, 650 remain, 0 skipped due to pins, 0 skipped frozen
	tuples: 36283 removed, 8628 remain, 628 are dead but not yet removable, oldest xmin: 109749334
	buffer usage: 2065 hits, 0 misses, 0 dirtied
	avg read rate: 0.000 MB/s, avg write rate: 0.000 MB/s
	system usage: CPU: user: 0.02 s, system: 0.00 s, elapsed: 0.22 s
2018-05-07 12:05:26.208 JST [22144] LOG:  automatic analyze of table "postgres.public.pgbench_branches" system usage: CPU: user: 0.00 s, system: 0.00 s, elapsed: 0.07 s
2018-05-07 12:05:26.392 JST [22144] LOG:  automatic analyze of table "postgres.public.pgbench_tellers" system usage: CPU: user: 0.04 s, system: 0.00 s, elapsed: 0.17 s
2018-05-07 12:05:36.214 JST [22194] LOG:  automatic analyze of table "postgres.public.pgbench_branches" system usage: CPU: user: 0.00 s, system: 0.00 s, elapsed: 0.07 s
2018-05-07 12:05:41.302 JST [22215] LOG:  automatic analyze of table "postgres.public.pgbench_tellers" system usage: CPU: user: 0.05 s, system: 0.00 s, elapsed: 0.15 s
2018-05-07 12:05:46.221 JST [22236] LOG:  automatic analyze of table "postgres.public.pgbench_branches" system usage: CPU: user: 0.00 s, system: 0.00 s, elapsed: 0.07 s
2018-05-07 12:05:51.304 JST [22257] LOG:  automatic analyze of table "postgres.public.pgbench_tellers" system usage: CPU: user: 0.05 s, system: 0.00 s, elapsed: 0.16 s
2018-05-07 12:05:56.213 JST [22278] LOG:  automatic analyze of table "postgres.public.pgbench_branches" system usage: CPU: user: 0.00 s, system: 0.00 s, elapsed: 0.07 s
2018-05-07 12:06:06.217 JST [22320] LOG:  automatic analyze of table "postgres.public.pgbench_branches" system usage: CPU: user: 0.00 s, system: 0.00 s, elapsed: 0.07 s
2018-05-07 12:06:06.422 JST [22320] LOG:  automatic analyze of table "postgres.public.pgbench_tellers" system usage: CPU: user: 0.05 s, system: 0.00 s, elapsed: 0.15 s
2018-05-07 12:06:19.666 JST [22360] LOG:  automatic analyze of table "postgres.public.pgbench_history" system usage: CPU: user: 0.35 s, system: 0.10 s, elapsed: 3.50 s
2018-05-07 12:06:21.232 JST [22381] LOG:  automatic analyze of table "postgres.public.pgbench_branches" system usage: CPU: user: 0.00 s, system: 0.00 s, elapsed: 0.07 s
2018-05-07 12:06:21.405 JST [22381] LOG:  automatic analyze of table "postgres.public.pgbench_tellers" system usage: CPU: user: 0.05 s, system: 0.00 s, elapsed: 0.16 s
2018-05-07 12:06:31.235 JST [22423] LOG:  automatic analyze of table "postgres.public.pgbench_branches" system usage: CPU: user: 0.00 s, system: 0.00 s, elapsed: 0.07 s
2018-05-07 12:06:31.401 JST [22423] LOG:  automatic analyze of table "postgres.public.pgbench_tellers" system usage: CPU: user: 0.04 s, system: 0.00 s, elapsed: 0.15 s
2018-05-07 12:06:38.405 JST [20831] PANIC:  could not write to file "pg_wal/xlogtemp.20831": No space left on device
2018-05-07 12:06:38.405 JST [20831] STATEMENT:  END;
2018-05-07 12:06:38.754 JST [20818] LOG:  could not open temporary statistics file "pg_stat_tmp/global.tmp": No space left on device
2018-05-07 12:06:38.772 JST [20818] LOG:  could not open temporary statistics file "pg_stat_tmp/global.tmp": No space left on device
2018-05-07 12:06:38.773 JST [20818] LOG:  could not open temporary statistics file "pg_stat_tmp/global.tmp": No space left on device
2018-05-07 12:06:38.808 JST [20818] LOG:  could not open temporary statistics file "pg_stat_tmp/global.tmp": No space left on device
2018-05-07 12:06:38.809 JST [20818] LOG:  could not open temporary statistics file "pg_stat_tmp/global.tmp": No space left on device
2018-05-07 12:06:38.821 JST [20818] LOG:  could not open temporary statistics file "pg_stat_tmp/global.tmp": No space left on device
2018-05-07 12:06:38.822 JST [20818] LOG:  could not open temporary statistics file "pg_stat_tmp/global.tmp": No space left on device
2018-05-07 12:06:38.844 JST [20818] LOG:  could not open temporary statistics file "pg_stat_tmp/global.tmp": No space left on device
2018-05-07 12:06:38.845 JST [20818] LOG:  could not open temporary statistics file "pg_stat_tmp/global.tmp": No space left on device
2018-05-07 12:06:38.880 JST [20818] LOG:  could not open temporary statistics file "pg_stat_tmp/global.tmp": No space left on device
2018-05-07 12:06:38.881 JST [20818] LOG:  could not open temporary statistics file "pg_stat_tmp/global.tmp": No space left on device
2018-05-07 12:06:38.916 JST [20818] LOG:  could not open temporary statistics file "pg_stat_tmp/global.tmp": No space left on device
2018-05-07 12:06:38.917 JST [20818] LOG:  could not open temporary statistics file "pg_stat_tmp/global.tmp": No space left on device
2018-05-07 12:06:38.922 JST [20818] LOG:  could not open temporary statistics file "pg_stat_tmp/global.tmp": No space left on device
2018-05-07 12:06:38.922 JST [20818] LOG:  could not open temporary statistics file "pg_stat_tmp/global.tmp": No space left on device
2018-05-07 12:06:38.952 JST [20818] LOG:  could not open temporary statistics file "pg_stat_tmp/global.tmp": No space left on device
2018-05-07 12:06:38.953 JST [20818] LOG:  could not open temporary statistics file "pg_stat_tmp/global.tmp": No space left on device
2018-05-07 12:06:38.988 JST [20818] LOG:  could not open temporary statistics file "pg_stat_tmp/global.tmp": No space left on device
2018-05-07 12:06:38.989 JST [20818] LOG:  could not open temporary statistics file "pg_stat_tmp/global.tmp": No space left on device
2018-05-07 12:06:39.023 JST [20818] LOG:  could not open temporary statistics file "pg_stat_tmp/global.tmp": No space left on device
2018-05-07 12:06:39.024 JST [20818] LOG:  could not open temporary statistics file "pg_stat_tmp/global.tmp": No space left on device
2018-05-07 12:06:39.025 JST [20818] LOG:  could not open temporary statistics file "pg_stat_tmp/global.tmp": No space left on device
2018-05-07 12:06:39.060 JST [20818] LOG:  could not open temporary statistics file "pg_stat_tmp/global.tmp": No space left on device
2018-05-07 12:06:39.060 JST [20818] LOG:  could not open temporary statistics file "pg_stat_tmp/global.tmp": No space left on device
2018-05-07 12:06:39.096 JST [20818] LOG:  could not open temporary statistics file "pg_stat_tmp/global.tmp": No space left on device
2018-05-07 12:06:39.096 JST [20818] LOG:  could not open temporary statistics file "pg_stat_tmp/global.tmp": No space left on device
2018-05-07 12:06:39.120 JST [20810] LOG:  server process (PID 20831) was terminated by signal 6: Aborted
2018-05-07 12:06:39.120 JST [20810] DETAIL:  Failed process was running: END;
2018-05-07 12:06:39.120 JST [20810] LOG:  terminating any other active server processes
2018-05-07 12:06:39.120 JST [22464] WARNING:  terminating connection because of crash of another server process
2018-05-07 12:06:39.120 JST [22464] DETAIL:  The postmaster has commanded this server process to roll back the c